#
# There is insufficient memory for the Java Runtime Environment to continue.
# Native memory allocation (malloc) failed to allocate 1132336 bytes for Chunk::new
# Possible reasons:
#   The system is out of physical RAM or swap space
#   The process is running with CompressedOops enabled, and the Java Heap may be blocking the growth of the native heap
# Possible solutions:
#   Reduce memory load on the system
#   Increase physical memory or swap space
#   Check if swap backing store is full
#   Decrease Java heap size (-Xmx/-Xms)
#   Decrease number of Java threads
#   Decrease Java thread stack sizes (-Xss)
#   Set larger code cache with -XX:ReservedCodeCacheSize=
#   JVM is running with Zero Based Compressed Oops mode in which the Java heap is
#     placed in the first 32GB address space. The Java Heap base address is the
#     maximum limit for the native heap growth. Please use -XX:HeapBaseMinAddress
#     to set the Java Heap base and to place the Java Heap above 32GB virtual address.
# This output file may be truncated or incomplete.
#
#  Out of Memory Error (allocation.cpp:390), pid=48000, tid=0x000000000000c5fc
#
# JRE version: Java(TM) SE Runtime Environment (8.0_201-b09) (build 1.8.0_201-b09)
# Java VM: Java HotSpot(TM) 64-Bit Server VM (25.201-b09 mixed mode windows-amd64 compressed oops)
# Failed to write core dump. Minidumps are not enabled by default on client versions of Windows
#

---------------  T H R E A D  ---------------

Current thread (0x000000001ec34000):  JavaThread "C2 CompilerThread0" daemon [_thread_in_native, id=50684, stack(0x0000000020260000,0x0000000020360000)]

Stack: [0x0000000020260000,0x0000000020360000]
[error occurred during error reporting (printing stack bounds), id 0xc0000005]

Native frames: (J=compiled Java code, j=interpreted, Vv=VM code, C=native code)


Current CompileTask:
C2:  13912 17335       4       scala.tools.nsc.transform.ExplicitOuter::transformInfo (452 bytes)


---------------  P R O C E S S  ---------------

Java Threads: ( => current thread )
  0x0000000021303000 JavaThread "scala-execution-context-global-28" daemon [_thread_blocked, id=66676, stack(0x000000002d370000,0x000000002d470000)]
  0x00000000212fb800 JavaThread "scala-execution-context-global-29" daemon [_thread_blocked, id=56052, stack(0x000000002d270000,0x000000002d370000)]
  0x0000000021302800 JavaThread "scala-execution-context-global-30" daemon [_thread_blocked, id=61364, stack(0x000000002d170000,0x000000002d270000)]
  0x00000000212fe800 JavaThread "scala-execution-context-global-27" daemon [_thread_blocked, id=64652, stack(0x000000002d070000,0x000000002d170000)]
  0x00000000212fd000 JavaThread "scala-execution-context-global-26" daemon [_thread_blocked, id=63836, stack(0x000000002cf70000,0x000000002d070000)]
  0x0000000021301000 JavaThread "scala-execution-context-global-25" daemon [_thread_blocked, id=48392, stack(0x000000002ce70000,0x000000002cf70000)]
  0x0000000021301800 JavaThread "scala-execution-context-global-24" daemon [_thread_blocked, id=64516, stack(0x000000002cd70000,0x000000002ce70000)]
  0x00000000212fb000 JavaThread "scala-execution-context-global-23" daemon [_thread_blocked, id=28524, stack(0x000000002cc70000,0x000000002cd70000)]
  0x00000000212fe000 JavaThread "scala-execution-context-global-22" daemon [_thread_blocked, id=67396, stack(0x0000000027b20000,0x0000000027c20000)]
  0x000000002310e800 JavaThread "scala-execution-context-global-21" daemon [_thread_blocked, id=58464, stack(0x0000000027770000,0x0000000027870000)]
  0x000000002310d000 JavaThread "scala-execution-context-global-20" daemon [_thread_blocked, id=66948, stack(0x0000000027010000,0x0000000027110000)]
  0x000000002310a800 JavaThread "scala-execution-context-global-19" daemon [_thread_blocked, id=63220, stack(0x00000000238b0000,0x00000000239b0000)]
  0x0000000022f1b000 JavaThread "resolver-5" daemon [_thread_blocked, id=62612, stack(0x0000000027570000,0x0000000027670000)]
  0x0000000025db6800 JavaThread "resolver-4" daemon [_thread_blocked, id=63984, stack(0x0000000027470000,0x0000000027570000)]
  0x0000000025738800 JavaThread "resolver-3" daemon [_thread_blocked, id=18088, stack(0x0000000027370000,0x0000000027470000)]
  0x00000000256ce800 JavaThread "resolver-2" daemon [_thread_blocked, id=62652, stack(0x0000000027270000,0x0000000027370000)]
  0x0000000025e3e000 JavaThread "resolver-1" daemon [_thread_blocked, id=65240, stack(0x0000000027170000,0x0000000027270000)]
  0x000000001ecd9800 JavaThread "Service Thread" daemon [_thread_blocked, id=66556, stack(0x0000000020660000,0x0000000020760000)]
  0x000000001ec3c000 JavaThread "C1 CompilerThread3" daemon [_thread_in_vm, id=64012, stack(0x0000000020560000,0x0000000020660000)]
  0x000000001ec39000 JavaThread "C2 CompilerThread2" daemon [_thread_blocked, id=34264, stack(0x0000000020460000,0x0000000020560000)]
  0x000000001ec38800 JavaThread "C2 CompilerThread1" daemon [_thread_in_native, id=36020, stack(0x0000000020360000,0x0000000020460000)]
=>0x000000001ec34000 JavaThread "C2 CompilerThread0" daemon [_thread_in_native, id=50684, stack(0x0000000020260000,0x0000000020360000)]
  0x000000001ec15800 JavaThread "Monitor Ctrl-Break" daemon [_thread_in_native, id=62484, stack(0x0000000020160000,0x0000000020260000)]
  0x000000001ebac800 JavaThread "Attach Listener" daemon [_thread_blocked, id=62900, stack(0x0000000020060000,0x0000000020160000)]
  0x000000001ebac000 JavaThread "Signal Dispatcher" daemon [_thread_blocked, id=67216, stack(0x000000001ff60000,0x0000000020060000)]
  0x000000001d4b3800 JavaThread "Finalizer" daemon [_thread_blocked, id=65864, stack(0x000000001fe00000,0x000000001ff00000)]
  0x000000001eb93000 JavaThread "Reference Handler" daemon [_thread_blocked, id=65308, stack(0x000000001fd00000,0x000000001fe00000)]
  0x0000000003802800 JavaThread "main" [_thread_in_Java, id=24372, stack(0x00000000034b0000,0x00000000035b0000)]

Other Threads:
  0x000000001eb72800 VMThread [stack: 0x000000001fc00000,0x000000001fd00000] [id=61856]
  0x000000001ecf5000 WatcherThread [stack: 0x0000000020760000,0x0000000020860000] [id=14536]

VM state:not at safepoint (normal execution)

VM Mutex/Monitor currently owned by a thread:  ([mutex/lock_event])
[0x0000000003800cd0] CompiledIC_lock - owner thread: 0x000000001ec3c000

heap address: 0x00000006c2600000, size: 4058 MB, Compressed Oops mode: Zero based, Oop shift amount: 3
Narrow klass base: 0x0000000000000000, Narrow klass shift: 3
Compressed class space size: 1073741824 Address: 0x00000007c0000000

Heap:
 PSYoungGen      total 166912K, used 125125K [0x000000076b780000, 0x000000077a680000, 0x00000007c0000000)
  eden space 127488K, 67% used [0x000000076b780000,0x0000000770b35670,0x0000000773400000)
  from space 39424K, 99% used [0x0000000776580000,0x0000000778bfbe00,0x0000000778c00000)
  to   space 50688K, 0% used [0x0000000773400000,0x0000000773400000,0x0000000776580000)
 ParOldGen       total 310272K, used 71590K [0x00000006c2600000, 0x00000006d5500000, 0x000000076b780000)
  object space 310272K, 23% used [0x00000006c2600000,0x00000006c6be99c0,0x00000006d5500000)
 Metaspace       used 81910K, capacity 88995K, committed 89108K, reserved 1126400K
  class space    used 10682K, capacity 11218K, committed 11324K, reserved 1048576K

Card table byte_map: [0x0000000012cc0000,0x00000000134b0000] byte_map_base: 0x000000000f6ad000

Marking Bits: (ParMarkBitMap*) 0x0000000056d94ce0
 Begin Bits: [0x0000000014400000, 0x0000000018368000)
 End Bits:   [0x0000000018368000, 0x000000001c2d0000)

Polling page: 0x0000000001390000

CodeCache: size=245760Kb used=46108Kb max_used=59268Kb free=199651Kb
 bounds [0x0000000003900000, 0x0000000007330000, 0x0000000012900000]
 total_blobs=14428 nmethods=13837 adapters=495
 compilation: enabled

Compilation events (10 events):
Event: 13.901 Thread 0x000000001ec3c000 nmethod 17426 0x0000000004f3d610 code [0x0000000004f3d7a0, 0x0000000004f3dca8]
Event: 13.902 Thread 0x000000001ec3c000 17423       2       scala.reflect.internal.Definitions$DefinitionsClass::NullClass (16 bytes)
Event: 13.902 Thread 0x000000001ec39000 nmethod 17352 0x0000000003e9b010 code [0x0000000003e9b160, 0x0000000003e9b308]
Event: 13.903 Thread 0x000000001ec3c000 nmethod 17423 0x0000000005bb46d0 code [0x0000000005bb4860, 0x0000000005bb4d68]
Event: 13.903 Thread 0x000000001ec3c000 17427   !   2       scala.tools.nsc.backend.jvm.BTypesFromSymbols::classBTypeFromSymbol (477 bytes)
Event: 13.903 Thread 0x000000001ec39000 17406       4       scala.reflect.internal.Trees$$Lambda$413/163476249::apply (32 bytes)
Event: 13.908 Thread 0x000000001ec3c000 nmethod 17427 0x0000000005f33710 code [0x0000000005f33c60, 0x0000000005f364d8]
Event: 13.909 Thread 0x000000001ec3c000 17429       2       scala.tools.nsc.backend.jvm.BTypesFromSymbols::typeToBType (706 bytes)
Event: 13.911 Thread 0x000000001ec39000 nmethod 17406 0x000000000469d210 code [0x000000000469d400, 0x000000000469da60]
Event: 13.911 Thread 0x000000001ec39000 17448       4       scala.reflect.internal.Symbols$ClassSymbol::thisType (58 bytes)

GC Heap History (10 events):
Event: 6.651 GC heap before
{Heap before GC invocations=11 (full 2):
 PSYoungGen      total 126976K, used 37493K [0x000000076b780000, 0x0000000778780000, 0x00000007c0000000)
  eden space 110080K, 18% used [0x000000076b780000,0x000000076cba1700,0x0000000772300000)
  from space 16896K, 99% used [0x0000000773c00000,0x0000000774c7c070,0x0000000774c80000)
  to   space 25600K, 0% used [0x0000000772300000,0x0000000772300000,0x0000000773c00000)
 ParOldGen       total 202240K, used 37294K [0x00000006c2600000, 0x00000006ceb80000, 0x000000076b780000)
  object space 202240K, 18% used [0x00000006c2600000,0x00000006c4a6b890,0x00000006ceb80000)
 Metaspace       used 56733K, capacity 58963K, committed 59028K, reserved 1101824K
  class space    used 7272K, capacity 7585K, committed 7612K, reserved 1048576K
Event: 6.657 GC heap after
Heap after GC invocations=11 (full 2):
 PSYoungGen      total 135680K, used 20730K [0x000000076b780000, 0x0000000777100000, 0x00000007c0000000)
  eden space 110080K, 0% used [0x000000076b780000,0x000000076b780000,0x0000000772300000)
  from space 25600K, 80% used [0x0000000772300000,0x000000077373e8e0,0x0000000773c00000)
  to   space 27136K, 0% used [0x0000000775680000,0x0000000775680000,0x0000000777100000)
 ParOldGen       total 202240K, used 37302K [0x00000006c2600000, 0x00000006ceb80000, 0x000000076b780000)
  object space 202240K, 18% used [0x00000006c2600000,0x00000006c4a6d890,0x00000006ceb80000)
 Metaspace       used 56733K, capacity 58963K, committed 59028K, reserved 1101824K
  class space    used 7272K, capacity 7585K, committed 7612K, reserved 1048576K
}
Event: 6.657 GC heap before
{Heap before GC invocations=12 (full 3):
 PSYoungGen      total 135680K, used 20730K [0x000000076b780000, 0x0000000777100000, 0x00000007c0000000)
  eden space 110080K, 0% used [0x000000076b780000,0x000000076b780000,0x0000000772300000)
  from space 25600K, 80% used [0x0000000772300000,0x000000077373e8e0,0x0000000773c00000)
  to   space 27136K, 0% used [0x0000000775680000,0x0000000775680000,0x0000000777100000)
 ParOldGen       total 202240K, used 37302K [0x00000006c2600000, 0x00000006ceb80000, 0x000000076b780000)
  object space 202240K, 18% used [0x00000006c2600000,0x00000006c4a6d890,0x00000006ceb80000)
 Metaspace       used 56733K, capacity 58963K, committed 59028K, reserved 1101824K
  class space    used 7272K, capacity 7585K, committed 7612K, reserved 1048576K
Event: 6.784 GC heap after
Heap after GC invocations=12 (full 3):
 PSYoungGen      total 135680K, used 0K [0x000000076b780000, 0x0000000777100000, 0x00000007c0000000)
  eden space 110080K, 0% used [0x000000076b780000,0x000000076b780000,0x0000000772300000)
  from space 25600K, 0% used [0x0000000772300000,0x0000000772300000,0x0000000773c00000)
  to   space 27136K, 0% used [0x0000000775680000,0x0000000775680000,0x0000000777100000)
 ParOldGen       total 310272K, used 43180K [0x00000006c2600000, 0x00000006d5500000, 0x000000076b780000)
  object space 310272K, 13% used [0x00000006c2600000,0x00000006c502b000,0x00000006d5500000)
 Metaspace       used 56733K, capacity 58963K, committed 59028K, reserved 1101824K
  class space    used 7272K, capacity 7585K, committed 7612K, reserved 1048576K
}
Event: 8.811 GC heap before
{Heap before GC invocations=13 (full 3):
 PSYoungGen      total 135680K, used 110080K [0x000000076b780000, 0x0000000777100000, 0x00000007c0000000)
  eden space 110080K, 100% used [0x000000076b780000,0x0000000772300000,0x0000000772300000)
  from space 25600K, 0% used [0x0000000772300000,0x0000000772300000,0x0000000773c00000)
  to   space 27136K, 0% used [0x0000000775680000,0x0000000775680000,0x0000000777100000)
 ParOldGen       total 310272K, used 43180K [0x00000006c2600000, 0x00000006d5500000, 0x000000076b780000)
  object space 310272K, 13% used [0x00000006c2600000,0x00000006c502b000,0x00000006d5500000)
 Metaspace       used 62636K, capacity 66183K, committed 66452K, reserved 1107968K
  class space    used 7972K, capacity 8312K, committed 8380K, reserved 1048576K
Event: 8.825 GC heap after
Heap after GC invocations=13 (full 3):
 PSYoungGen      total 151040K, used 27118K [0x000000076b780000, 0x0000000777100000, 0x00000007c0000000)
  eden space 123904K, 0% used [0x000000076b780000,0x000000076b780000,0x0000000773080000)
  from space 27136K, 99% used [0x0000000775680000,0x00000007770fbaf8,0x0000000777100000)
  to   space 31232K, 0% used [0x0000000773400000,0x0000000773400000,0x0000000775280000)
 ParOldGen       total 310272K, used 45083K [0x00000006c2600000, 0x00000006d5500000, 0x000000076b780000)
  object space 310272K, 14% used [0x00000006c2600000,0x00000006c5206e70,0x00000006d5500000)
 Metaspace       used 62636K, capacity 66183K, committed 66452K, reserved 1107968K
  class space    used 7972K, capacity 8312K, committed 8380K, reserved 1048576K
}
Event: 11.119 GC heap before
{Heap before GC invocations=14 (full 3):
 PSYoungGen      total 151040K, used 151022K [0x000000076b780000, 0x0000000777100000, 0x00000007c0000000)
  eden space 123904K, 100% used [0x000000076b780000,0x0000000773080000,0x0000000773080000)
  from space 27136K, 99% used [0x0000000775680000,0x00000007770fbaf8,0x0000000777100000)
  to   space 31232K, 0% used [0x0000000773400000,0x0000000773400000,0x0000000775280000)
 ParOldGen       total 310272K, used 45083K [0x00000006c2600000, 0x00000006d5500000, 0x000000076b780000)
  object space 310272K, 14% used [0x00000006c2600000,0x00000006c5206e70,0x00000006d5500000)
 Metaspace       used 70077K, capacity 75157K, committed 75284K, reserved 1116160K
  class space    used 8870K, capacity 9254K, committed 9276K, reserved 1048576K
Event: 11.135 GC heap after
Heap after GC invocations=14 (full 3):
 PSYoungGen      total 158720K, used 31225K [0x000000076b780000, 0x0000000778c00000, 0x00000007c0000000)
  eden space 127488K, 0% used [0x000000076b780000,0x000000076b780000,0x0000000773400000)
  from space 31232K, 99% used [0x0000000773400000,0x000000077527e5d0,0x0000000775280000)
  to   space 39424K, 0% used [0x0000000776580000,0x0000000776580000,0x0000000778c00000)
 ParOldGen       total 310272K, used 56064K [0x00000006c2600000, 0x00000006d5500000, 0x000000076b780000)
  object space 310272K, 18% used [0x00000006c2600000,0x00000006c5cc02d0,0x00000006d5500000)
 Metaspace       used 70077K, capacity 75157K, committed 75284K, reserved 1116160K
  class space    used 8870K, capacity 9254K, committed 9276K, reserved 1048576K
}
Event: 12.743 GC heap before
{Heap before GC invocations=15 (full 3):
 PSYoungGen      total 158720K, used 158713K [0x000000076b780000, 0x0000000778c00000, 0x00000007c0000000)
  eden space 127488K, 100% used [0x000000076b780000,0x0000000773400000,0x0000000773400000)
  from space 31232K, 99% used [0x0000000773400000,0x000000077527e5d0,0x0000000775280000)
  to   space 39424K, 0% used [0x0000000776580000,0x0000000776580000,0x0000000778c00000)
 ParOldGen       total 310272K, used 56064K [0x00000006c2600000, 0x00000006d5500000, 0x000000076b780000)
  object space 310272K, 18% used [0x00000006c2600000,0x00000006c5cc02d0,0x00000006d5500000)
 Metaspace       used 79071K, capacity 85609K, committed 85780K, reserved 1124352K
  class space    used 10198K, capacity 10686K, committed 10812K, reserved 1048576K
Event: 12.763 GC heap after
Heap after GC invocations=15 (full 3):
 PSYoungGen      total 166912K, used 39407K [0x000000076b780000, 0x000000077a680000, 0x00000007c0000000)
  eden space 127488K, 0% used [0x000000076b780000,0x000000076b780000,0x0000000773400000)
  from space 39424K, 99% used [0x0000000776580000,0x0000000778bfbe00,0x0000000778c00000)
  to   space 50688K, 0% used [0x0000000773400000,0x0000000773400000,0x0000000776580000)
 ParOldGen       total 310272K, used 71590K [0x00000006c2600000, 0x00000006d5500000, 0x000000076b780000)
  object space 310272K, 23% used [0x00000006c2600000,0x00000006c6be99c0,0x00000006d5500000)
 Metaspace       used 79071K, capacity 85609K, committed 85780K, reserved 1124352K
  class space    used 10198K, capacity 10686K, committed 10812K, reserved 1048576K
}

Deoptimization events (10 events):
Event: 13.879 Thread 0x0000000003802800 Uncommon trap: reason=null_check action=make_not_entrant pc=0x00000000068db300 method=scala.reflect.internal.tpe.TypeMaps$TypeMap.mapOver(Lscala/reflect/internal/Types$Type;)Lscala/reflect/internal/Types$Type; @ 1
Event: 13.890 Thread 0x0000000003802800 Uncommon trap: reason=unstable_if action=reinterpret pc=0x0000000006cf4618 method=scala.tools.nsc.backend.jvm.BTypes.ClassBType()Lscala/tools/nsc/backend/jvm/BTypes$ClassBType$; @ 4
Event: 13.891 Thread 0x0000000003802800 Uncommon trap: reason=unstable_if action=reinterpret pc=0x0000000006b296c8 method=scala.tools.nsc.backend.jvm.CoreBTypesFromSymbols._primitiveTypeToBType()Lscala/tools/nsc/backend/jvm/BTypes$LazyVar; @ 8
Event: 13.891 Thread 0x0000000003802800 Uncommon trap: reason=unstable_if action=reinterpret pc=0x00000000063d7860 method=scala.tools.nsc.backend.jvm.BTypes.UNIT()Lscala/tools/nsc/backend/jvm/BTypes$UNIT$; @ 4
Event: 13.891 Thread 0x0000000003802800 Uncommon trap: reason=unstable_if action=reinterpret pc=0x0000000005da55a0 method=scala.tools.nsc.backend.jvm.BTypes.BOOL()Lscala/tools/nsc/backend/jvm/BTypes$BOOL$; @ 4
Event: 13.891 Thread 0x0000000003802800 Uncommon trap: reason=unstable_if action=reinterpret pc=0x0000000006a53ae0 method=scala.tools.nsc.backend.jvm.BTypes.CHAR()Lscala/tools/nsc/backend/jvm/BTypes$CHAR$; @ 4
Event: 13.891 Thread 0x0000000003802800 Uncommon trap: reason=unstable_if action=reinterpret pc=0x00000000063f7b20 method=scala.tools.nsc.backend.jvm.BTypes.FLOAT()Lscala/tools/nsc/backend/jvm/BTypes$FLOAT$; @ 4
Event: 13.892 Thread 0x0000000003802800 Uncommon trap: reason=unstable_if action=reinterpret pc=0x00000000062f8e88 method=scala.tools.nsc.backend.jvm.PostProcessorFrontendAccess$PostProcessorFrontendAccessImpl._compilerSettings()Lscala/tools/nsc/backend/jvm/BTypes$LazyVar; @ 8
Event: 13.896 Thread 0x0000000003802800 Uncommon trap: reason=unstable_if action=reinterpret pc=0x0000000003ac4f5c method=scala.reflect.internal.util.BatchSourceFile.notCRLF0$1(I)Z @ 8
Event: 13.896 Thread 0x0000000003802800 Uncommon trap: reason=unstable_if action=reinterpret pc=0x0000000005b3bec8 method=scala.reflect.internal.util.BatchSourceFile.notCRLF0$1(I)Z @ 8

Classes redefined (0 events):
No events

Internal exceptions (10 events):
Event: 13.402 Thread 0x0000000003802800 Exception <a 'java/lang/NoSuchMethodError': java.lang.Object.$anonfun$groupBy$2(Lscala/collection/TraversableLike;)Lscala/collection/mutable/Builder;> (0x000000076eedc1c0) thrown at [C:\re\workspace\8-2-build-windows-amd64-cygwin\jdk8u201\12322\hotspot\sr
Event: 13.402 Thread 0x0000000003802800 Exception <a 'java/lang/NoSuchMethodError': java.lang.Object.$anonfun$groupBy$3$adapted(Lscala/Tuple2;)Ljava/lang/Object;> (0x000000076eee1848) thrown at [C:\re\workspace\8-2-build-windows-amd64-cygwin\jdk8u201\12322\hotspot\src\share\vm\interpreter\linkR
Event: 13.402 Thread 0x0000000003802800 Exception <a 'java/lang/NoSuchMethodError': java.lang.Object.$anonfun$groupBy$4(Lscala/collection/mutable/Builder;Lscala/Tuple2;)Lscala/collection/mutable/Builder;> (0x000000076eee5a98) thrown at [C:\re\workspace\8-2-build-windows-amd64-cygwin\jdk8u201\12
Event: 13.408 Thread 0x0000000003802800 Exception <a 'java/lang/NoSuchMethodError': java.lang.Object.$anonfun$collect$1(Lscala/collection/mutable/Builder;Ljava/lang/Object;)Lscala/collection/mutable/Builder;> (0x000000076ef31d58) thrown at [C:\re\workspace\8-2-build-windows-amd64-cygwin\jdk8u20
Event: 13.408 Thread 0x0000000003802800 Exception <a 'java/lang/NoSuchMethodError': java.lang.Object.$anonfun$runWith$1$adapted(Lscala/PartialFunction;Lscala/Function1;Ljava/lang/Object;)Ljava/lang/Object;> (0x000000076ef36c68) thrown at [C:\re\workspace\8-2-build-windows-amd64-cygwin\jdk8u201\
Event: 13.461 Thread 0x0000000003802800 Exception <a 'java/lang/NoSuchMethodError': java.lang.Object.$anonfun$pickledNameAsString$1(Lscala/reflect/internal/Symbols$Symbol;)Ljava/lang/String;> (0x000000076f0a85e0) thrown at [C:\re\workspace\8-2-build-windows-amd64-cygwin\jdk8u201\12322\hotspot\s
Event: 13.468 Thread 0x0000000003802800 Exception <a 'java/lang/NoSuchMethodError': java.lang.Object.$anonfun$isTopLevelModule$1(Lscala/reflect/internal/Symbols$Symbol;)Z> (0x000000076f141560) thrown at [C:\re\workspace\8-2-build-windows-amd64-cygwin\jdk8u201\12322\hotspot\src\share\vm\interpre
Event: 13.468 Thread 0x0000000003802800 Exception <a 'java/lang/NoSuchMethodError': java.lang.Object.$anonfun$flatname$1(Lscala/reflect/internal/Symbols$Symbol;C)Ljava/lang/String;> (0x000000076f145a48) thrown at [C:\re\workspace\8-2-build-windows-amd64-cygwin\jdk8u201\12322\hotspot\src\share\v
Event: 13.530 Thread 0x0000000003802800 Exception <a 'java/lang/NoSuchMethodError': java.lang.Object.$anonfun$nonTrivialMembers$1$adapted(Lscala/reflect/internal/Types;Lscala/reflect/internal/Symbols$Symbol;)Ljava/lang/Object;> (0x000000076f3b4398) thrown at [C:\re\workspace\8-2-build-windows-a
Event: 13.879 Thread 0x0000000003802800 Implicit null exception at 0x00000000068d6314 to 0x00000000068db2f1

Events (10 events):
Event: 13.911 Thread 0x000000001ec39000 flushing nmethod 0x0000000004c729d0
Event: 13.911 Thread 0x000000001ec39000 flushing nmethod 0x0000000004d27c50
Event: 13.911 Thread 0x000000001ec39000 flushing nmethod 0x0000000004d35550
Event: 13.911 Thread 0x000000001ec39000 flushing nmethod 0x0000000004d6ced0
Event: 13.911 Thread 0x000000001ec39000 flushing nmethod 0x0000000004da0990
Event: 13.911 Thread 0x000000001ec39000 flushing nmethod 0x0000000004da1a50
Event: 13.911 Thread 0x000000001ec39000 flushing nmethod 0x0000000004ded250
Event: 13.911 Thread 0x000000001ec39000 flushing nmethod 0x0000000004df4550
Event: 13.911 Thread 0x000000001ec39000 flushing nmethod 0x0000000004dfc790
Event: 13.911 Thread 0x000000001ec39000 flushing nmethod 0x0000000004e027d0


Dynamic libraries:
0x00007ff6aed40000 - 0x00007ff6aed77000 	D:\Program Files\Java\jdk1.8.0_201\bin\java.exe
0x00007ffc2d6d0000 - 0x00007ffc2d8c5000 	C:\Windows\SYSTEM32\ntdll.dll
0x00007ffc2bea0000 - 0x00007ffc2bf5d000 	C:\Windows\System32\KERNEL32.DLL
0x00007ffc2b110000 - 0x00007ffc2b3d7000 	C:\Windows\System32\KERNELBASE.dll
0x00007ffc2c2a0000 - 0x00007ffc2c34a000 	C:\Windows\System32\ADVAPI32.dll
0x00007ffc2b7d0000 - 0x00007ffc2b86e000 	C:\Windows\System32\msvcrt.dll
0x00007ffc2ba80000 - 0x00007ffc2bb1b000 	C:\Windows\System32\sechost.dll
0x00007ffc2b8d0000 - 0x00007ffc2b9f4000 	C:\Windows\System32\RPCRT4.dll
0x00007ffc2c350000 - 0x00007ffc2c4f0000 	C:\Windows\System32\USER32.dll
0x00007ffc2b700000 - 0x00007ffc2b722000 	C:\Windows\System32\win32u.dll
0x00007ffc2d590000 - 0x00007ffc2d5ba000 	C:\Windows\System32\GDI32.dll
0x00007ffc2ae10000 - 0x00007ffc2af19000 	C:\Windows\System32\gdi32full.dll
0x00007ffc2af20000 - 0x00007ffc2afbd000 	C:\Windows\System32\msvcp_win.dll
0x00007ffc2b010000 - 0x00007ffc2b110000 	C:\Windows\System32\ucrtbase.dll
0x00007ffc10200000 - 0x00007ffc1049b000 	C:\Windows\WinSxS\amd64_microsoft.windows.common-controls_6595b64144ccf1df_6.0.19041.488_none_ca04af081b815d21\COMCTL32.dll
0x00007ffc2ca00000 - 0x00007ffc2ca30000 	C:\Windows\System32\IMM32.DLL
0x00000000578f0000 - 0x00000000579c1000 	D:\Program Files\Java\jdk1.8.0_201\jre\bin\msvcr100.dll
0x0000000056570000 - 0x0000000056e14000 	D:\Program Files\Java\jdk1.8.0_201\jre\bin\server\jvm.dll
0x00007ffc2b7c0000 - 0x00007ffc2b7c8000 	C:\Windows\System32\PSAPI.DLL
0x00007ffc26510000 - 0x00007ffc2651a000 	C:\Windows\SYSTEM32\VERSION.dll
0x00007ffc24190000 - 0x00007ffc24199000 	C:\Windows\SYSTEM32\WSOCK32.dll
0x00007ffc16b70000 - 0x00007ffc16b97000 	C:\Windows\SYSTEM32\WINMM.dll
0x00007ffc2c230000 - 0x00007ffc2c29b000 	C:\Windows\System32\WS2_32.dll
0x00007ffc21a90000 - 0x00007ffc21a9f000 	D:\Program Files\Java\jdk1.8.0_201\jre\bin\verify.dll
0x00007ffc163a0000 - 0x00007ffc163c9000 	D:\Program Files\Java\jdk1.8.0_201\jre\bin\java.dll
0x00007ffc15080000 - 0x00007ffc150a3000 	D:\Program Files\Java\jdk1.8.0_201\jre\bin\instrument.dll
0x00007ffc10df0000 - 0x00007ffc10e06000 	D:\Program Files\Java\jdk1.8.0_201\jre\bin\zip.dll
0x00007ffc2ca30000 - 0x00007ffc2d171000 	C:\Windows\System32\SHELL32.dll
0x00007ffc28f90000 - 0x00007ffc29723000 	C:\Windows\SYSTEM32\windows.storage.dll
0x00007ffc2d230000 - 0x00007ffc2d585000 	C:\Windows\System32\combase.dll
0x00007ffc2a7b0000 - 0x00007ffc2a7dc000 	C:\Windows\SYSTEM32\Wldp.dll
0x00007ffc2bb80000 - 0x00007ffc2bc2e000 	C:\Windows\System32\SHCORE.dll
0x00007ffc2bb20000 - 0x00007ffc2bb75000 	C:\Windows\System32\shlwapi.dll
0x00007ffc2ad40000 - 0x00007ffc2ad66000 	C:\Windows\SYSTEM32\profapi.dll
0x00007ffc16c90000 - 0x00007ffc16caa000 	E:\software\IntelliJ IDEA 2020.1.2\bin\breakgen64.dll
0x00007ffc0f290000 - 0x00007ffc0f2aa000 	D:\Program Files\Java\jdk1.8.0_201\jre\bin\net.dll
0x00007ffc19cf0000 - 0x00007ffc19edd000 	C:\Windows\SYSTEM32\urlmon.dll
0x00007ffc1a4e0000 - 0x00007ffc1a78f000 	C:\Windows\SYSTEM32\iertutil.dll
0x00007ffc2a530000 - 0x00007ffc2a59a000 	C:\Windows\system32\mswsock.dll
0x00007ffc2a710000 - 0x00007ffc2a728000 	C:\Windows\SYSTEM32\CRYPTSP.dll
0x00007ffc29ec0000 - 0x00007ffc29ef4000 	C:\Windows\system32\rsaenh.dll
0x00007ffc2b650000 - 0x00007ffc2b677000 	C:\Windows\System32\bcrypt.dll
0x00007ffc2acc0000 - 0x00007ffc2acee000 	C:\Windows\SYSTEM32\USERENV.dll
0x00007ffc2b680000 - 0x00007ffc2b6ff000 	C:\Windows\System32\bcryptprimitives.dll
0x00007ffc2a700000 - 0x00007ffc2a70c000 	C:\Windows\SYSTEM32\CRYPTBASE.dll
0x00007ffc2a220000 - 0x00007ffc2a25b000 	C:\Windows\SYSTEM32\IPHLPAPI.DLL
0x00007ffc2c560000 - 0x00007ffc2c569000 	C:\Windows\System32\NSI.dll
0x00007ffc24b90000 - 0x00007ffc24ba7000 	C:\Windows\SYSTEM32\dhcpcsvc6.DLL
0x00007ffc24bb0000 - 0x00007ffc24bcd000 	C:\Windows\SYSTEM32\dhcpcsvc.DLL
0x00007ffc2a260000 - 0x00007ffc2a32b000 	C:\Windows\SYSTEM32\DNSAPI.dll
0x00007ffc0f270000 - 0x00007ffc0f281000 	D:\Program Files\Java\jdk1.8.0_201\jre\bin\nio.dll
0x00007ffc19ef0000 - 0x00007ffc19efa000 	C:\Users\PC\AppData\Local\Temp\jansi-1.17.1-654106374049712666.dll
0x00007ffc164f0000 - 0x00007ffc164fa000 	C:\Users\PC\AppData\Local\Temp\jansi-1.17.1-4646034279968713431.dll
0x00007ffc14990000 - 0x00007ffc149b4000 	D:\Program Files\Java\jdk1.8.0_201\jre\bin\sunec.dll
0x00007ffc22a30000 - 0x00007ffc22a3a000 	C:\Windows\System32\rasadhlp.dll
0x00007ffc22890000 - 0x00007ffc2290f000 	C:\Windows\System32\fwpuclnt.dll
0x00007ffc15b70000 - 0x00007ffc15b7b000 	D:\Program Files\Java\jdk1.8.0_201\jre\bin\sunmscapi.dll
0x00007ffc2b3e0000 - 0x00007ffc2b53d000 	C:\Windows\System32\CRYPT32.dll
0x00007ffc147e0000 - 0x00007ffc14822000 	C:\Users\PC\AppData\Local\Temp\jna-2547\jna6091372952879262665.dll

VM Arguments:
jvm_args: -Dmaven.multiModuleProjectDirectory=E:\gitdir\learn_projects\UserBehaviorAnalysis_Flink_wushengran\NetworkFlowAnalysis -Dmaven.home=E:\software\IntelliJ IDEA 2020.1.2\plugins\maven\lib\maven3 -Dclassworlds.conf=E:\software\IntelliJ IDEA 2020.1.2\plugins\maven\lib\maven3\bin\m2.conf -Dmaven.ext.class.path=E:\software\IntelliJ IDEA 2020.1.2\plugins\maven\lib\maven-event-listener.jar -javaagent:E:\software\IntelliJ IDEA 2020.1.2\lib\idea_rt.jar=61077:E:\software\IntelliJ IDEA 2020.1.2\bin -Dfile.encoding=UTF-8 
java_command: org.codehaus.classworlds.Launcher -Didea.version2020.1.2 -s E:\software\apache-maven-3.6.0\conf\settings.xml package
java_class_path (initial): E:\software\IntelliJ IDEA 2020.1.2\plugins\maven\lib\maven3\boot\plexus-classworlds-2.6.0.jar;E:\software\IntelliJ IDEA 2020.1.2\plugins\maven\lib\maven3\boot\plexus-classworlds.license;E:\software\IntelliJ IDEA 2020.1.2\lib\idea_rt.jar
Launcher Type: SUN_STANDARD

Environment Variables:
JAVA_HOME=D:\Program Files\Java\jdk1.8.0_201
CLASSPATH=D:\Program Files\Java\jdk1.8.0_201\jre\lib\rt.jar;.;.;E:\software\scala-2.11.8\bin;E:\software\scala-2.11.8\lib\dt.jar;E:\software\scala-2.11.8\lib\tools.jar.;
PATH=C:\Windows\system32;C:\Windows;C:\Windows\System32\Wbem;C:\Windows\System32\WindowsPowerShell\v1.0\;C:\Windows\System32\OpenSSH\;D:\Program Files\Java\jdk1.8.0_201\bin;E:\software\scala-2.11.8\bin;E:\software\hadoop-2.7.4\hadoop-common-2.2.0-bin-master\bin;E:\software\anaconda;E:\software\anaconda\Scripts;C:\Program Files\TortoiseSVN\bin;E:\software\Git\cmd;E:\software\mysql5.5\mysql_server\bin;C:\Users\PC\AppData\Local\Microsoft\WindowsApps;
USERNAME=PC
OS=Windows_NT
PROCESSOR_IDENTIFIER=Intel64 Family 6 Model 158 Stepping 10, GenuineIntel



---------------  S Y S T E M  ---------------

OS: Windows 10.0 , 64 bit Build 19041 (10.0.19041.292)

CPU:total 12 (initial active 12) (6 cores per cpu, 2 threads per core) family 6 model 158 stepping 10, cmov, cx8, fxsr, mmx, sse, sse2, sse3, ssse3, sse4.1, sse4.2, popcnt, avx, avx2, aes, clmul, erms, rtm, 3dnowpref, lzcnt, ht, tsc, tscinvbit, bmi1, bmi2, adx

Memory: 4k page, physical 16614656k(2855652k free), swap 32241788k(7568k free)

vm_info: Java HotSpot(TM) 64-Bit Server VM (25.201-b09) for windows-amd64 JRE (1.8.0_201-b09), built on Dec 15 2018 18:36:39 by "java_re" with MS VC++ 10.0 (VS2010)

time: Tue Sep 29 10:03:29 2020
timezone: 中国标准时间
elapsed time: 13 seconds (0d 0h 0m 13s)

