#
# There is insufficient memory for the Java Runtime Environment to continue.
# Native memory allocation (malloc) failed to allocate 545008 bytes for Chunk::new
# Possible reasons:
#   The system is out of physical RAM or swap space
#   The process is running with CompressedOops enabled, and the Java Heap may be blocking the growth of the native heap
# Possible solutions:
#   Reduce memory load on the system
#   Increase physical memory or swap space
#   Check if swap backing store is full
#   Decrease Java heap size (-Xmx/-Xms)
#   Decrease number of Java threads
#   Decrease Java thread stack sizes (-Xss)
#   Set larger code cache with -XX:ReservedCodeCacheSize=
#   JVM is running with Zero Based Compressed Oops mode in which the Java heap is
#     placed in the first 32GB address space. The Java Heap base address is the
#     maximum limit for the native heap growth. Please use -XX:HeapBaseMinAddress
#     to set the Java Heap base and to place the Java Heap above 32GB virtual address.
# This output file may be truncated or incomplete.
#
#  Out of Memory Error (allocation.cpp:390), pid=23560, tid=0x0000000000003e5c
#
# JRE version: Java(TM) SE Runtime Environment (8.0_201-b09) (build 1.8.0_201-b09)
# Java VM: Java HotSpot(TM) 64-Bit Server VM (25.201-b09 mixed mode windows-amd64 compressed oops)
# Failed to write core dump. Minidumps are not enabled by default on client versions of Windows
#

---------------  T H R E A D  ---------------

Current thread (0x000000001e69d800):  JavaThread "C2 CompilerThread0" daemon [_thread_in_native, id=15964, stack(0x00000000201a0000,0x00000000202a0000)]

Stack: [0x00000000201a0000,0x00000000202a0000]
[error occurred during error reporting (printing stack bounds), id 0xc0000005]

Native frames: (J=compiled Java code, j=interpreted, Vv=VM code, C=native code)


Current CompileTask:
C2:   4185 3934       4       java.net.URLClassLoader$1::run (5 bytes)


---------------  P R O C E S S  ---------------

Java Threads: ( => current thread )
  0x000000002d7f6800 JavaThread "Thread-10" [_thread_blocked, id=28580, stack(0x00000000320c0000,0x00000000321c0000)]
  0x000000002d7f2800 JavaThread "Thread-9" [_thread_blocked, id=6972, stack(0x0000000031fc0000,0x00000000320c0000)]
  0x000000002d7f1000 JavaThread "Legacy Source Thread - Source: Custom File Source (1/1)" [_thread_in_Java, id=23312, stack(0x0000000030ef0000,0x0000000030ff0000)]
  0x000000002d7f2000 JavaThread "Legacy Source Thread - Source: Custom File Source (1/1)" [_thread_blocked, id=29748, stack(0x0000000030df0000,0x0000000030ef0000)]
  0x000000002d7f6000 JavaThread "Time Trigger for Split Reader: Custom File Source -> Map -> Timestamps/Watermarks (1/1)" daemon [_thread_blocked, id=26344, stack(0x0000000030cf0000,0x0000000030df0000)]
  0x000000002d050800 JavaThread "Time Trigger for Split Reader: Custom File Source -> Map -> Timestamps/Watermarks -> Filter (1/1)" daemon [_thread_blocked, id=20200, stack(0x0000000030bf0000,0x0000000030cf0000)]
  0x000000002d04e800 JavaThread "OutputFlusher for Split Reader: Custom File Source -> Map -> Timestamps/Watermarks" daemon [_thread_blocked, id=28448, stack(0x00000000308f0000,0x00000000309f0000)]
  0x000000002d04e000 JavaThread "OutputFlusher for Split Reader: Custom File Source -> Map -> Timestamps/Watermarks -> Filter" daemon [_thread_blocked, id=15480, stack(0x00000000307f0000,0x00000000308f0000)]
  0x000000002d04f800 JavaThread "OutputFlusher for Source: Custom File Source" daemon [_thread_blocked, id=24016, stack(0x00000000306f0000,0x00000000307f0000)]
  0x000000002d04d000 JavaThread "OutputFlusher for Source: Custom File Source" daemon [_thread_blocked, id=10672, stack(0x00000000305f0000,0x00000000306f0000)]
  0x000000002d047000 JavaThread "Co-Process -> (Sink: Print to Std. Out, Sink: Print to Std. Out, Sink: Print to Std. Out) (1/1)" [_thread_blocked, id=3672, stack(0x00000000304f0000,0x00000000305f0000)]
  0x000000002d045800 JavaThread "Split Reader: Custom File Source -> Map -> Timestamps/Watermarks (1/1)" [_thread_blocked, id=17364, stack(0x00000000303f0000,0x00000000304f0000)]
  0x000000002d04b800 JavaThread "Split Reader: Custom File Source -> Map -> Timestamps/Watermarks -> Filter (1/1)" [_thread_blocked, id=16508, stack(0x00000000302f0000,0x00000000303f0000)]
  0x000000002d048000 JavaThread "Source: Custom File Source (1/1)" [_thread_blocked, id=24332, stack(0x00000000301f0000,0x00000000302f0000)]
  0x000000002d04b000 JavaThread "CloseableReaperThread" daemon [_thread_blocked, id=22060, stack(0x00000000300f0000,0x00000000301f0000)]
  0x000000002d04a000 JavaThread "Source: Custom File Source (1/1)" [_thread_blocked, id=8420, stack(0x000000002fff0000,0x00000000300f0000)]
  0x000000002d04c800 JavaThread "Flink-MetricRegistry-thread-1" daemon [_thread_blocked, id=25068, stack(0x000000002fef0000,0x000000002fff0000)]
  0x000000002d042800 JavaThread "jobmanager-future-thread-8" daemon [_thread_blocked, id=24648, stack(0x000000002fdf0000,0x000000002fef0000)]
  0x000000002d049800 JavaThread "jobmanager-future-thread-7" daemon [_thread_blocked, id=30052, stack(0x000000002fbf0000,0x000000002fcf0000)]
  0x000000002d042000 JavaThread "jobmanager-future-thread-6" daemon [_thread_blocked, id=14524, stack(0x000000002faf0000,0x000000002fbf0000)]
  0x000000002d044000 JavaThread "jobmanager-future-thread-5" daemon [_thread_blocked, id=20060, stack(0x000000002f9f0000,0x000000002faf0000)]
  0x000000002d046800 JavaThread "jobmanager-future-thread-4" daemon [_thread_blocked, id=6636, stack(0x000000002f8f0000,0x000000002f9f0000)]
  0x000000002d045000 JavaThread "pool-1-thread-1" [_thread_blocked, id=29944, stack(0x000000002f7f0000,0x000000002f8f0000)]
  0x000000002d048800 JavaThread "jobmanager-future-thread-3" daemon [_thread_blocked, id=15384, stack(0x000000002f6f0000,0x000000002f7f0000)]
  0x000000002d043800 JavaThread "jobmanager-future-thread-2" daemon [_thread_blocked, id=7404, stack(0x000000002f5f0000,0x000000002f6f0000)]
  0x000000002d041000 JavaThread "FlinkCompletableFutureDelayScheduler-thread-1" daemon [_thread_blocked, id=30128, stack(0x000000002f4f0000,0x000000002f5f0000)]
  0x000000002b111800 JavaThread "mini-cluster-io-thread-12" daemon [_thread_blocked, id=22312, stack(0x000000002f1f0000,0x000000002f2f0000)]
  0x000000002b111000 JavaThread "mini-cluster-io-thread-11" daemon [_thread_blocked, id=6216, stack(0x000000002f0f0000,0x000000002f1f0000)]
  0x000000002b10e800 JavaThread "mini-cluster-io-thread-10" daemon [_thread_blocked, id=9512, stack(0x000000002eff0000,0x000000002f0f0000)]
  0x000000002b10d000 JavaThread "mini-cluster-io-thread-9" daemon [_thread_blocked, id=30152, stack(0x000000002eef0000,0x000000002eff0000)]
  0x000000002b10f800 JavaThread "jobmanager-future-thread-1" daemon [_thread_blocked, id=25984, stack(0x000000002edf0000,0x000000002eef0000)]
  0x000000002b10d800 JavaThread "flink-akka.actor.default-dispatcher-5" [_thread_blocked, id=19364, stack(0x000000002ecf0000,0x000000002edf0000)]
  0x000000002b112800 JavaThread "mini-cluster-io-thread-8" daemon [_thread_blocked, id=30184, stack(0x000000002ebf0000,0x000000002ecf0000)]
  0x000000002b10c000 JavaThread "mini-cluster-io-thread-7" daemon [_thread_blocked, id=16428, stack(0x000000002eaf0000,0x000000002ebf0000)]
  0x000000002b110000 JavaThread "mini-cluster-io-thread-6" daemon [_thread_blocked, id=26724, stack(0x000000002e9f0000,0x000000002eaf0000)]
  0x000000002b113000 JavaThread "mini-cluster-io-thread-5" daemon [_thread_blocked, id=14120, stack(0x000000002e8f0000,0x000000002e9f0000)]
  0x0000000026b4e000 JavaThread "mini-cluster-io-thread-4" daemon [_thread_blocked, id=15552, stack(0x000000002e5f0000,0x000000002e6f0000)]
  0x0000000026b50800 JavaThread "mini-cluster-io-thread-3" daemon [_thread_blocked, id=5752, stack(0x000000002e4f0000,0x000000002e5f0000)]
  0x0000000026b4f000 JavaThread "mini-cluster-io-thread-2" daemon [_thread_blocked, id=17576, stack(0x000000002e3f0000,0x000000002e4f0000)]
  0x0000000026b4f800 JavaThread "Flink-DispatcherRestEndpoint-thread-1" daemon [_thread_blocked, id=24120, stack(0x000000002e2f0000,0x000000002e3f0000)]
  0x0000000026b4d800 JavaThread "mini-cluster-io-thread-1" daemon [_thread_blocked, id=1956, stack(0x000000002e1f0000,0x000000002e2f0000)]
  0x0000000026b4c800 JavaThread "flink-rest-server-netty-boss-thread-1" daemon [_thread_in_native, id=17116, stack(0x000000002e0f0000,0x000000002e1f0000)]
  0x0000000026b4c000 JavaThread "IOManager reader thread #1" daemon [_thread_blocked, id=29436, stack(0x0000000029ab0000,0x0000000029bb0000)]
  0x0000000026b52800 JavaThread "IOManager writer thread #1" daemon [_thread_blocked, id=25312, stack(0x00000000299b0000,0x0000000029ab0000)]
  0x0000000026b51000 JavaThread "Timer-2" daemon [_thread_blocked, id=14152, stack(0x00000000298b0000,0x00000000299b0000)]
  0x0000000026b52000 JavaThread "Timer-1" daemon [_thread_blocked, id=24184, stack(0x00000000297b0000,0x00000000298b0000)]
  0x00000000226eb800 JavaThread "BLOB Server listener at 58014" daemon [_thread_in_native, id=29372, stack(0x00000000296b0000,0x00000000297b0000)]
  0x00000000226ea800 JavaThread "Timer-0" daemon [_thread_blocked, id=26872, stack(0x00000000295b0000,0x00000000296b0000)]
  0x00000000226ee800 JavaThread "flink-metrics-akka.remote.default-remote-dispatcher-13" [_thread_blocked, id=26144, stack(0x00000000292b0000,0x00000000293b0000)]
  0x00000000226ea000 JavaThread "flink-metrics-akka.remote.default-remote-dispatcher-12" [_thread_blocked, id=5592, stack(0x00000000291b0000,0x00000000292b0000)]
  0x00000000226ed800 JavaThread "New I/O server boss #6" [_thread_in_native, id=26668, stack(0x00000000290b0000,0x00000000291b0000)]
  0x00000000226ed000 JavaThread "New I/O worker #5" [_thread_in_native, id=27952, stack(0x00000000278b0000,0x00000000279b0000)]
  0x00000000226e8800 JavaThread "New I/O worker #4" [_thread_in_native, id=30508, stack(0x00000000277b0000,0x00000000278b0000)]
  0x00000000226e7800 JavaThread "New I/O boss #3" [_thread_in_native, id=16416, stack(0x00000000276b0000,0x00000000277b0000)]
  0x00000000226e9000 JavaThread "New I/O worker #2" [_thread_in_native, id=29412, stack(0x00000000275b0000,0x00000000276b0000)]
  0x00000000226ec000 JavaThread "New I/O worker #1" [_thread_in_native, id=14896, stack(0x00000000274b0000,0x00000000275b0000)]
  0x0000000025c5b000 JavaThread "flink-metrics-akka.remote.default-remote-dispatcher-4" [_thread_blocked, id=5012, stack(0x0000000027bc0000,0x0000000027cc0000)]
  0x000000002811c800 JavaThread "flink-metrics-akka.remote.default-remote-dispatcher-3" [_thread_blocked, id=28516, stack(0x0000000027ac0000,0x0000000027bc0000)]
  0x0000000026313000 JavaThread "flink-metrics-2" [_thread_blocked, id=30192, stack(0x00000000279c0000,0x0000000027ac0000)]
  0x00000000266f3000 JavaThread "flink-metrics-scheduler-1" [_thread_blocked, id=15388, stack(0x0000000028eb0000,0x0000000028fb0000)]
  0x00000000241ec000 JavaThread "flink-akka.actor.default-dispatcher-4" [_thread_blocked, id=4872, stack(0x0000000025fe0000,0x00000000260e0000)]
  0x00000000241ed000 JavaThread "flink-akka.actor.default-dispatcher-3" [_thread_blocked, id=28784, stack(0x0000000025ee0000,0x0000000025fe0000)]
  0x00000000240b5000 JavaThread "flink-akka.actor.default-dispatcher-2" [_thread_blocked, id=25468, stack(0x0000000025de0000,0x0000000025ee0000)]
  0x000000002230b800 JavaThread "flink-scheduler-1" [_thread_blocked, id=12512, stack(0x0000000024b10000,0x0000000024c10000)]
  0x000000001f931000 JavaThread "Service Thread" daemon [_thread_blocked, id=17152, stack(0x00000000205a0000,0x00000000206a0000)]
  0x000000001f914000 JavaThread "C1 CompilerThread3" daemon [_thread_blocked, id=13444, stack(0x00000000204a0000,0x00000000205a0000)]
  0x000000001f913000 JavaThread "C2 CompilerThread2" daemon [_thread_in_native, id=23148, stack(0x00000000203a0000,0x00000000204a0000)]
  0x000000001f911800 JavaThread "C2 CompilerThread1" daemon [_thread_in_native, id=23420, stack(0x00000000202a0000,0x00000000203a0000)]
=>0x000000001e69d800 JavaThread "C2 CompilerThread0" daemon [_thread_in_native, id=15964, stack(0x00000000201a0000,0x00000000202a0000)]
  0x000000001e69c800 JavaThread "Monitor Ctrl-Break" daemon [_thread_in_native, id=6876, stack(0x00000000200a0000,0x00000000201a0000)]
  0x000000001e36c800 JavaThread "Attach Listener" daemon [_thread_blocked, id=28940, stack(0x000000001f7a0000,0x000000001f8a0000)]
  0x000000001e3c2000 JavaThread "Signal Dispatcher" daemon [_thread_blocked, id=18100, stack(0x000000001f6a0000,0x000000001f7a0000)]
  0x000000001cc82000 JavaThread "Finalizer" daemon [_thread_blocked, id=29860, stack(0x000000001f5a0000,0x000000001f6a0000)]
  0x000000001e343000 JavaThread "Reference Handler" daemon [_thread_blocked, id=27020, stack(0x000000001f4a0000,0x000000001f5a0000)]
  0x0000000002fd6000 JavaThread "main" [_thread_blocked, id=10928, stack(0x0000000002ce0000,0x0000000002de0000)]

Other Threads:
  0x00000000030cb800 VMThread [stack: 0x000000001f3a0000,0x000000001f4a0000] [id=18696]
  0x000000001fac4000 WatcherThread [stack: 0x00000000206a0000,0x00000000207a0000] [id=28624]

VM state:not at safepoint (normal execution)

VM Mutex/Monitor currently owned by a thread: None

heap address: 0x00000006c2600000, size: 4058 MB, Compressed Oops mode: Zero based, Oop shift amount: 3
Narrow klass base: 0x0000000000000000, Narrow klass shift: 3
Compressed class space size: 1073741824 Address: 0x00000007c0000000

Heap:
 PSYoungGen      total 135680K, used 32690K [0x000000076b780000, 0x0000000774d00000, 0x00000007c0000000)
  eden space 124416K, 17% used [0x000000076b780000,0x000000076cc727a0,0x0000000773100000)
  from space 11264K, 99% used [0x0000000773e00000,0x00000007748fa370,0x0000000774900000)
  to   space 13312K, 0% used [0x0000000773100000,0x0000000773100000,0x0000000773e00000)
 ParOldGen       total 174080K, used 15999K [0x00000006c2600000, 0x00000006cd000000, 0x000000076b780000)
  object space 174080K, 9% used [0x00000006c2600000,0x00000006c359ff60,0x00000006cd000000)
 Metaspace       used 54983K, capacity 58830K, committed 59136K, reserved 1099776K
  class space    used 7880K, capacity 8358K, committed 8448K, reserved 1048576K

Card table byte_map: [0x0000000012490000,0x0000000012c80000] byte_map_base: 0x000000000ee7d000

Marking Bits: (ParMarkBitMap*) 0x0000000062c54ce0
 Begin Bits: [0x0000000013bd0000, 0x0000000017b38000)
 End Bits:   [0x0000000017b38000, 0x000000001baa0000)

Polling page: 0x0000000000f80000

CodeCache: size=245760Kb used=12687Kb max_used=12687Kb free=233072Kb
 bounds [0x00000000030d0000, 0x0000000003d40000, 0x00000000120d0000]
 total_blobs=4662 nmethods=4101 adapters=472
 compilation: enabled

Compilation events (10 events):
Event: 4.169 Thread 0x000000001f914000 4133       1       java.lang.reflect.AccessibleObject::isAccessible (5 bytes)
Event: 4.169 Thread 0x000000001f914000 nmethod 4133 0x0000000003d384d0 code [0x0000000003d38620, 0x0000000003d38730]
Event: 4.169 Thread 0x000000001f914000 4134       1       com.esotericsoftware.kryo.Kryo::getGenericsScope (5 bytes)
Event: 4.169 Thread 0x000000001f914000 nmethod 4134 0x0000000003d38790 code [0x0000000003d388e0, 0x0000000003d389f0]
Event: 4.169 Thread 0x000000001f914000 4135       1       com.esotericsoftware.kryo.serializers.FieldSerializer$CachedField::getField (5 bytes)
Event: 4.169 Thread 0x000000001f914000 nmethod 4135 0x0000000003d38a50 code [0x0000000003d38ba0, 0x0000000003d38cb0]
Event: 4.173 Thread 0x000000001f914000 4136       1       com.esotericsoftware.kryo.Registration::getId (5 bytes)
Event: 4.173 Thread 0x000000001f914000 nmethod 4136 0x0000000003d38d10 code [0x0000000003d38e60, 0x0000000003d38f70]
Event: 4.173 Thread 0x000000001f914000 4137       1       scala.collection.mutable.FlatHashTable::initialSize (3 bytes)
Event: 4.173 Thread 0x000000001f914000 nmethod 4137 0x0000000003d38fd0 code [0x0000000003d39120, 0x0000000003d39230]

GC Heap History (10 events):
Event: 2.066 GC heap before
{Heap before GC invocations=4 (full 1):
 PSYoungGen      total 75776K, used 65024K [0x000000076b780000, 0x0000000774b80000, 0x00000007c0000000)
  eden space 65024K, 100% used [0x000000076b780000,0x000000076f700000,0x000000076f700000)
  from space 10752K, 0% used [0x0000000770180000,0x0000000770180000,0x0000000770c00000)
  to   space 10752K, 0% used [0x000000076f700000,0x000000076f700000,0x0000000770180000)
 ParOldGen       total 108544K, used 7587K [0x00000006c2600000, 0x00000006c9000000, 0x000000076b780000)
  object space 108544K, 6% used [0x00000006c2600000,0x00000006c2d68c58,0x00000006c9000000)
 Metaspace       used 28903K, capacity 30434K, committed 30720K, reserved 1075200K
  class space    used 4074K, capacity 4312K, committed 4352K, reserved 1048576K
Event: 2.069 GC heap after
Heap after GC invocations=4 (full 1):
 PSYoungGen      total 75776K, used 9730K [0x000000076b780000, 0x0000000772500000, 0x00000007c0000000)
  eden space 65024K, 0% used [0x000000076b780000,0x000000076b780000,0x000000076f700000)
  from space 10752K, 90% used [0x000000076f700000,0x0000000770080b40,0x0000000770180000)
  to   space 10752K, 0% used [0x0000000771a80000,0x0000000771a80000,0x0000000772500000)
 ParOldGen       total 108544K, used 7595K [0x00000006c2600000, 0x00000006c9000000, 0x000000076b780000)
  object space 108544K, 6% used [0x00000006c2600000,0x00000006c2d6ac58,0x00000006c9000000)
 Metaspace       used 28903K, capacity 30434K, committed 30720K, reserved 1075200K
  class space    used 4074K, capacity 4312K, committed 4352K, reserved 1048576K
}
Event: 2.395 GC heap before
{Heap before GC invocations=5 (full 1):
 PSYoungGen      total 75776K, used 45195K [0x000000076b780000, 0x0000000772500000, 0x00000007c0000000)
  eden space 65024K, 54% used [0x000000076b780000,0x000000076da221e0,0x000000076f700000)
  from space 10752K, 90% used [0x000000076f700000,0x0000000770080b40,0x0000000770180000)
  to   space 10752K, 0% used [0x0000000771a80000,0x0000000771a80000,0x0000000772500000)
 ParOldGen       total 108544K, used 7595K [0x00000006c2600000, 0x00000006c9000000, 0x000000076b780000)
  object space 108544K, 6% used [0x00000006c2600000,0x00000006c2d6ac58,0x00000006c9000000)
 Metaspace       used 33613K, capacity 35432K, committed 35496K, reserved 1079296K
  class space    used 4639K, capacity 4862K, committed 4864K, reserved 1048576K
Event: 2.402 GC heap after
Heap after GC invocations=5 (full 1):
 PSYoungGen      total 101376K, used 9257K [0x000000076b780000, 0x0000000772800000, 0x00000007c0000000)
  eden space 90624K, 0% used [0x000000076b780000,0x000000076b780000,0x0000000771000000)
  from space 10752K, 86% used [0x0000000771a80000,0x000000077238a4b8,0x0000000772500000)
  to   space 10752K, 0% used [0x0000000771000000,0x0000000771000000,0x0000000771a80000)
 ParOldGen       total 108544K, used 7603K [0x00000006c2600000, 0x00000006c9000000, 0x000000076b780000)
  object space 108544K, 7% used [0x00000006c2600000,0x00000006c2d6cc58,0x00000006c9000000)
 Metaspace       used 33613K, capacity 35432K, committed 35496K, reserved 1079296K
  class space    used 4639K, capacity 4862K, committed 4864K, reserved 1048576K
}
Event: 2.402 GC heap before
{Heap before GC invocations=6 (full 2):
 PSYoungGen      total 101376K, used 9257K [0x000000076b780000, 0x0000000772800000, 0x00000007c0000000)
  eden space 90624K, 0% used [0x000000076b780000,0x000000076b780000,0x0000000771000000)
  from space 10752K, 86% used [0x0000000771a80000,0x000000077238a4b8,0x0000000772500000)
  to   space 10752K, 0% used [0x0000000771000000,0x0000000771000000,0x0000000771a80000)
 ParOldGen       total 108544K, used 7603K [0x00000006c2600000, 0x00000006c9000000, 0x000000076b780000)
  object space 108544K, 7% used [0x00000006c2600000,0x00000006c2d6cc58,0x00000006c9000000)
 Metaspace       used 33613K, capacity 35432K, committed 35496K, reserved 1079296K
  class space    used 4639K, capacity 4862K, committed 4864K, reserved 1048576K
Event: 2.425 GC heap after
Heap after GC invocations=6 (full 2):
 PSYoungGen      total 101376K, used 0K [0x000000076b780000, 0x0000000772800000, 0x00000007c0000000)
  eden space 90624K, 0% used [0x000000076b780000,0x000000076b780000,0x0000000771000000)
  from space 10752K, 0% used [0x0000000771a80000,0x0000000771a80000,0x0000000772500000)
  to   space 10752K, 0% used [0x0000000771000000,0x0000000771000000,0x0000000771a80000)
 ParOldGen       total 174080K, used 13456K [0x00000006c2600000, 0x00000006cd000000, 0x000000076b780000)
  object space 174080K, 7% used [0x00000006c2600000,0x00000006c33243b8,0x00000006cd000000)
 Metaspace       used 33610K, capacity 35426K, committed 35496K, reserved 1079296K
  class space    used 4639K, capacity 4861K, committed 4864K, reserved 1048576K
}
Event: 3.268 GC heap before
{Heap before GC invocations=7 (full 2):
 PSYoungGen      total 101376K, used 90624K [0x000000076b780000, 0x0000000772800000, 0x00000007c0000000)
  eden space 90624K, 100% used [0x000000076b780000,0x0000000771000000,0x0000000771000000)
  from space 10752K, 0% used [0x0000000771a80000,0x0000000771a80000,0x0000000772500000)
  to   space 10752K, 0% used [0x0000000771000000,0x0000000771000000,0x0000000771a80000)
 ParOldGen       total 174080K, used 13456K [0x00000006c2600000, 0x00000006cd000000, 0x000000076b780000)
  object space 174080K, 7% used [0x00000006c2600000,0x00000006c33243b8,0x00000006cd000000)
 Metaspace       used 44427K, capacity 47070K, committed 47232K, reserved 1089536K
  class space    used 6175K, capacity 6485K, committed 6528K, reserved 1048576K
Event: 3.275 GC heap after
Heap after GC invocations=7 (full 2):
 PSYoungGen      total 101376K, used 10300K [0x000000076b780000, 0x0000000774900000, 0x00000007c0000000)
  eden space 90624K, 0% used [0x000000076b780000,0x000000076b780000,0x0000000771000000)
  from space 10752K, 95% used [0x0000000771000000,0x0000000771a0f3f8,0x0000000771a80000)
  to   space 11264K, 0% used [0x0000000773e00000,0x0000000773e00000,0x0000000774900000)
 ParOldGen       total 174080K, used 13464K [0x00000006c2600000, 0x00000006cd000000, 0x000000076b780000)
  object space 174080K, 7% used [0x00000006c2600000,0x00000006c33263b8,0x00000006cd000000)
 Metaspace       used 44427K, capacity 47070K, committed 47232K, reserved 1089536K
  class space    used 6175K, capacity 6485K, committed 6528K, reserved 1048576K
}
Event: 4.048 GC heap before
{Heap before GC invocations=8 (full 2):
 PSYoungGen      total 101376K, used 100924K [0x000000076b780000, 0x0000000774900000, 0x00000007c0000000)
  eden space 90624K, 100% used [0x000000076b780000,0x0000000771000000,0x0000000771000000)
  from space 10752K, 95% used [0x0000000771000000,0x0000000771a0f3f8,0x0000000771a80000)
  to   space 11264K, 0% used [0x0000000773e00000,0x0000000773e00000,0x0000000774900000)
 ParOldGen       total 174080K, used 13464K [0x00000006c2600000, 0x00000006cd000000, 0x000000076b780000)
  object space 174080K, 7% used [0x00000006c2600000,0x00000006c33263b8,0x00000006cd000000)
 Metaspace       used 52941K, capacity 56542K, committed 56704K, reserved 1097728K
  class space    used 7479K, capacity 7940K, committed 8064K, reserved 1048576K
Event: 4.056 GC heap after
Heap after GC invocations=8 (full 2):
 PSYoungGen      total 135680K, used 11240K [0x000000076b780000, 0x0000000774d00000, 0x00000007c0000000)
  eden space 124416K, 0% used [0x000000076b780000,0x000000076b780000,0x0000000773100000)
  from space 11264K, 99% used [0x0000000773e00000,0x00000007748fa370,0x0000000774900000)
  to   space 13312K, 0% used [0x0000000773100000,0x0000000773100000,0x0000000773e00000)
 ParOldGen       total 174080K, used 15999K [0x00000006c2600000, 0x00000006cd000000, 0x000000076b780000)
  object space 174080K, 9% used [0x00000006c2600000,0x00000006c359ff60,0x00000006cd000000)
 Metaspace       used 52941K, capacity 56542K, committed 56704K, reserved 1097728K
  class space    used 7479K, capacity 7940K, committed 8064K, reserved 1048576K
}

Deoptimization events (10 events):
Event: 4.059 Thread 0x000000002d045800 Uncommon trap: reason=speculate_class_check action=maybe_recompile pc=0x0000000003725468 method=java.lang.invoke.LambdaForm$MH/1191747167.linkToTargetMethod(Ljava/lang/Object;Ljava/lang/Object;)Ljava/lang/Object; @ 1
Event: 4.059 Thread 0x000000002d04b800 Uncommon trap: reason=speculate_class_check action=maybe_recompile pc=0x0000000003725468 method=java.lang.invoke.LambdaForm$MH/1191747167.linkToTargetMethod(Ljava/lang/Object;Ljava/lang/Object;)Ljava/lang/Object; @ 1
Event: 4.063 Thread 0x000000002d045800 Uncommon trap: reason=speculate_class_check action=maybe_recompile pc=0x0000000003725468 method=java.lang.invoke.LambdaForm$MH/1191747167.linkToTargetMethod(Ljava/lang/Object;Ljava/lang/Object;)Ljava/lang/Object; @ 1
Event: 4.063 Thread 0x000000002d04b800 Uncommon trap: reason=speculate_class_check action=maybe_recompile pc=0x0000000003725468 method=java.lang.invoke.LambdaForm$MH/1191747167.linkToTargetMethod(Ljava/lang/Object;Ljava/lang/Object;)Ljava/lang/Object; @ 1
Event: 4.063 Thread 0x000000002d04b800 Uncommon trap: reason=unstable_if action=reinterpret pc=0x0000000003a23e34 method=java.util.concurrent.locks.ReentrantLock$Sync.nonfairTryAcquire(I)Z @ 34
Event: 4.063 Thread 0x000000002d04b800 Uncommon trap: reason=unstable_if action=reinterpret pc=0x0000000003caff58 method=java.util.concurrent.locks.ReentrantLock$Sync.nonfairTryAcquire(I)Z @ 34
Event: 4.064 Thread 0x000000002d04b800 Uncommon trap: reason=unstable_if action=reinterpret pc=0x0000000003c89bbc method=java.util.concurrent.locks.ReentrantLock$Sync.nonfairTryAcquire(I)Z @ 34
Event: 4.072 Thread 0x000000002d048000 Uncommon trap: reason=bimorphic action=maybe_recompile pc=0x00000000038fa7d8 method=java.util.AbstractCollection.isEmpty()Z @ 1
Event: 4.073 Thread 0x000000002d04a000 Uncommon trap: reason=bimorphic action=maybe_recompile pc=0x00000000038fa7d8 method=java.util.AbstractCollection.isEmpty()Z @ 1
Event: 4.108 Thread 0x000000002d7f2000 Uncommon trap: reason=unstable_if action=reinterpret pc=0x0000000003b86794 method=java.lang.Class.searchMethods([Ljava/lang/reflect/Method;Ljava/lang/String;[Ljava/lang/Class;)Ljava/lang/reflect/Method; @ 47

Classes redefined (0 events):
No events

Internal exceptions (10 events):
Event: 3.355 Thread 0x0000000002fd6000 Exception <a 'java/lang/NoClassDefFoundError'> (0x000000076c7d98c8) thrown at [C:\re\workspace\8-2-build-windows-amd64-cygwin\jdk8u201\12322\hotspot\src\share\vm\prims\jvm.cpp, line 1506]
Event: 3.840 Thread 0x0000000002fd6000 Exception <a 'java/lang/NoSuchMethodError': java.lang.Object.lambda$identity$2(Ljava/lang/Object;)Ljava/lang/Object;> (0x000000076ea2c4d0) thrown at [C:\re\workspace\8-2-build-windows-amd64-cygwin\jdk8u201\12322\hotspot\src\share\vm\interpreter\linkResolv
Event: 3.864 Thread 0x00000000241ec000 Exception <a 'java/lang/NoSuchMethodError': java.lang.Object.lambda$unchecked$0(Lorg/apache/flink/util/function/CheckedSupplier;)Ljava/lang/Object;> (0x000000076f27e650) thrown at [C:\re\workspace\8-2-build-windows-amd64-cygwin\jdk8u201\12322\hotspot\src\
Event: 3.865 Thread 0x00000000241ec000 Exception <a 'java/lang/NoSuchMethodError': java.lang.Object.lambda$unchecked$0(Lorg/apache/flink/util/function/BiConsumerWithException;Ljava/lang/Object;Ljava/lang/Object;)V> (0x000000076f295e60) thrown at [C:\re\workspace\8-2-build-windows-amd64-cygwin\
Event: 3.933 Thread 0x00000000240b5000 Exception <a 'java/lang/IncompatibleClassChangeError': Found class java.lang.Object, but interface was expected> (0x000000076fc6b778) thrown at [C:\re\workspace\8-2-build-windows-amd64-cygwin\jdk8u201\12322\hotspot\src\share\vm\interpreter\linkResolver.cp
Event: 3.933 Thread 0x00000000240b5000 Exception <a 'java/lang/NoSuchMethodError': java.lang.Object.lambda$getVertexOrThrow$0(Lorg/apache/flink/runtime/scheduler/strategy/ExecutionVertexID;)Ljava/lang/IllegalArgumentException;> (0x000000076fc756e8) thrown at [C:\re\workspace\8-2-build-windows-
Event: 4.140 Thread 0x000000002d7f1000 Exception <a 'java/lang/NoSuchMethodError': java.lang.Object.$anonfun$seqAsJavaListConverter$1(Lscala/collection/convert/DecorateAsJava;Lscala/collection/Seq;)Ljava/util/List;> (0x000000076c8b2ff0) thrown at [C:\re\workspace\8-2-build-windows-amd64-cygwin
Event: 4.140 Thread 0x000000002d7f2000 Exception <a 'java/lang/NoSuchMethodError': java.lang.Object.$anonfun$seqAsJavaListConverter$1(Lscala/collection/convert/DecorateAsJava;Lscala/collection/Seq;)Ljava/util/List;> (0x000000076c95f670) thrown at [C:\re\workspace\8-2-build-windows-amd64-cygwin
Event: 4.149 Thread 0x000000002d7f1000 Exception <a 'java/lang/NoSuchMethodError': java.lang.Object.$anonfun$asJavaIteratorConverter$1(Lscala/collection/convert/DecorateAsJava;Lscala/collection/Iterator;)Ljava/util/Iterator;> (0x000000076ca46d90) thrown at [C:\re\workspace\8-2-build-windows-am
Event: 4.149 Thread 0x000000002d7f2000 Exception <a 'java/lang/NoSuchMethodError': java.lang.Object.$anonfun$asJavaIteratorConverter$1(Lscala/collection/convert/DecorateAsJava;Lscala/collection/Iterator;)Ljava/util/Iterator;> (0x000000076ca57fe0) thrown at [C:\re\workspace\8-2-build-windows-am

Events (10 events):
Event: 4.173 loading class scala/collection/mutable/Queue$
Event: 4.173 loading class scala/collection/mutable/Queue$ done
Event: 4.173 loading class scala/collection/mutable/MutableList
Event: 4.173 loading class scala/collection/mutable/MutableList done
Event: 4.173 loading class scala/collection/mutable/LinearSeq
Event: 4.173 loading class scala/collection/mutable/LinearSeq done
Event: 4.183 loading class scala/collection/mutable/LinearSeq$
Event: 4.183 loading class scala/collection/mutable/LinearSeq$ done
Event: 4.183 loading class scala/collection/mutable/MutableList$
Event: 4.183 loading class scala/collection/mutable/MutableList$ done


Dynamic libraries:
0x00007ff6a1810000 - 0x00007ff6a1847000 	D:\Program Files\Java\jdk1.8.0_201\bin\java.exe
0x00007ffc528f0000 - 0x00007ffc52ae5000 	C:\Windows\SYSTEM32\ntdll.dll
0x00007ffc51e30000 - 0x00007ffc51eed000 	C:\Windows\System32\KERNEL32.DLL
0x00007ffc50680000 - 0x00007ffc50947000 	C:\Windows\System32\KERNELBASE.dll
0x00007ffc51500000 - 0x00007ffc515aa000 	C:\Windows\System32\ADVAPI32.dll
0x00007ffc51cd0000 - 0x00007ffc51d6e000 	C:\Windows\System32\msvcrt.dll
0x00007ffc51240000 - 0x00007ffc512db000 	C:\Windows\System32\sechost.dll
0x00007ffc510a0000 - 0x00007ffc511c4000 	C:\Windows\System32\RPCRT4.dll
0x00007ffc515e0000 - 0x00007ffc51780000 	C:\Windows\System32\USER32.dll
0x00007ffc500d0000 - 0x00007ffc500f2000 	C:\Windows\System32\win32u.dll
0x00007ffc515b0000 - 0x00007ffc515da000 	C:\Windows\System32\GDI32.dll
0x00007ffc50410000 - 0x00007ffc50519000 	C:\Windows\System32\gdi32full.dll
0x00007ffc50030000 - 0x00007ffc500cd000 	C:\Windows\System32\msvcp_win.dll
0x00007ffc501b0000 - 0x00007ffc502b0000 	C:\Windows\System32\ucrtbase.dll
0x00007ffc4e8d0000 - 0x00007ffc4eb6b000 	C:\Windows\WinSxS\amd64_microsoft.windows.common-controls_6595b64144ccf1df_6.0.19041.488_none_ca04af081b815d21\COMCTL32.dll
0x00007ffc52680000 - 0x00007ffc526b0000 	C:\Windows\System32\IMM32.DLL
0x0000000062ce0000 - 0x0000000062db1000 	D:\Program Files\Java\jdk1.8.0_201\jre\bin\msvcr100.dll
0x0000000062430000 - 0x0000000062cd4000 	D:\Program Files\Java\jdk1.8.0_201\jre\bin\server\jvm.dll
0x00007ffc51df0000 - 0x00007ffc51df8000 	C:\Windows\System32\PSAPI.DLL
0x00007ffc4e200000 - 0x00007ffc4e209000 	C:\Windows\SYSTEM32\WSOCK32.dll
0x00007ffc52840000 - 0x00007ffc528ab000 	C:\Windows\System32\WS2_32.dll
0x00007ffc2c680000 - 0x00007ffc2c6a7000 	C:\Windows\SYSTEM32\WINMM.dll
0x00007ffc4f540000 - 0x00007ffc4f54a000 	C:\Windows\SYSTEM32\VERSION.dll
0x00007ffc35870000 - 0x00007ffc3587f000 	D:\Program Files\Java\jdk1.8.0_201\jre\bin\verify.dll
0x00007ffc33600000 - 0x00007ffc33629000 	D:\Program Files\Java\jdk1.8.0_201\jre\bin\java.dll
0x00007ffc4e280000 - 0x00007ffc4e2a3000 	D:\Program Files\Java\jdk1.8.0_201\jre\bin\instrument.dll
0x00007ffc34a40000 - 0x00007ffc34a56000 	D:\Program Files\Java\jdk1.8.0_201\jre\bin\zip.dll
0x00007ffc50950000 - 0x00007ffc51091000 	C:\Windows\System32\SHELL32.dll
0x00007ffc4d440000 - 0x00007ffc4dbd3000 	C:\Windows\SYSTEM32\windows.storage.dll
0x00007ffc51970000 - 0x00007ffc51cc5000 	C:\Windows\System32\combase.dll
0x00007ffc4f550000 - 0x00007ffc4f57c000 	C:\Windows\SYSTEM32\Wldp.dll
0x00007ffc51f50000 - 0x00007ffc51ffe000 	C:\Windows\System32\SHCORE.dll
0x00007ffc51ef0000 - 0x00007ffc51f45000 	C:\Windows\System32\shlwapi.dll
0x00007ffc4ff60000 - 0x00007ffc4ff86000 	C:\Windows\SYSTEM32\profapi.dll
0x00007ffc4e260000 - 0x00007ffc4e27a000 	E:\software\IntelliJ IDEA 2020.1.2\bin\breakgen64.dll
0x00007ffc34580000 - 0x00007ffc3459a000 	D:\Program Files\Java\jdk1.8.0_201\jre\bin\net.dll
0x00007ffc459b0000 - 0x00007ffc45b9d000 	C:\Windows\SYSTEM32\urlmon.dll
0x00007ffc46260000 - 0x00007ffc4650f000 	C:\Windows\SYSTEM32\iertutil.dll
0x00007ffc4f290000 - 0x00007ffc4f2fa000 	C:\Windows\system32\mswsock.dll
0x00007ffc2de30000 - 0x00007ffc2de47000 	C:\Windows\system32\napinsp.dll
0x00007ffc2dd40000 - 0x00007ffc2dd5b000 	C:\Windows\system32\pnrpnsp.dll
0x00007ffc2c7e0000 - 0x00007ffc2c7f5000 	C:\Windows\system32\wshbth.dll
0x00007ffc4adc0000 - 0x00007ffc4addd000 	C:\Windows\system32\NLAapi.dll
0x00007ffc4ef90000 - 0x00007ffc4efcb000 	C:\Windows\SYSTEM32\IPHLPAPI.DLL
0x00007ffc4efd0000 - 0x00007ffc4f09b000 	C:\Windows\SYSTEM32\DNSAPI.dll
0x00007ffc51e20000 - 0x00007ffc51e29000 	C:\Windows\System32\NSI.dll
0x00007ffc2a810000 - 0x00007ffc2a822000 	C:\Windows\System32\winrnr.dll
0x00007ffc47e90000 - 0x00007ffc47e9a000 	C:\Windows\System32\rasadhlp.dll
0x00007ffc48110000 - 0x00007ffc4818f000 	C:\Windows\System32\fwpuclnt.dll
0x00007ffc50390000 - 0x00007ffc503b7000 	C:\Windows\System32\bcrypt.dll
0x00007ffc32d50000 - 0x00007ffc32d61000 	D:\Program Files\Java\jdk1.8.0_201\jre\bin\nio.dll
0x00007ffc4fc60000 - 0x00007ffc4fc78000 	C:\Windows\SYSTEM32\CRYPTSP.dll
0x00007ffc4ec50000 - 0x00007ffc4ec84000 	C:\Windows\system32\rsaenh.dll
0x00007ffc4fee0000 - 0x00007ffc4ff0e000 	C:\Windows\SYSTEM32\USERENV.dll
0x00007ffc50310000 - 0x00007ffc5038f000 	C:\Windows\System32\bcryptprimitives.dll
0x00007ffc4f460000 - 0x00007ffc4f46c000 	C:\Windows\SYSTEM32\CRYPTBASE.dll
0x00007ffc49830000 - 0x00007ffc49847000 	C:\Windows\SYSTEM32\dhcpcsvc6.DLL
0x00007ffc497a0000 - 0x00007ffc497bd000 	C:\Windows\SYSTEM32\dhcpcsvc.DLL
0x00007ffc34660000 - 0x00007ffc3466d000 	D:\Program Files\Java\jdk1.8.0_201\jre\bin\management.dll

VM Arguments:
jvm_args: -javaagent:E:\software\IntelliJ IDEA 2020.1.2\lib\idea_rt.jar=57993:E:\software\IntelliJ IDEA 2020.1.2\bin -Dfile.encoding=UTF-8 
java_command: com.atguigu.orderpay_detect.TxMatch
java_class_path (initial): D:\Program Files\Java\jdk1.8.0_201\jre\lib\charsets.jar;D:\Program Files\Java\jdk1.8.0_201\jre\lib\deploy.jar;D:\Program Files\Java\jdk1.8.0_201\jre\lib\ext\access-bridge-64.jar;D:\Program Files\Java\jdk1.8.0_201\jre\lib\ext\cldrdata.jar;D:\Program Files\Java\jdk1.8.0_201\jre\lib\ext\dnsns.jar;D:\Program Files\Java\jdk1.8.0_201\jre\lib\ext\jaccess.jar;D:\Program Files\Java\jdk1.8.0_201\jre\lib\ext\jfxrt.jar;D:\Program Files\Java\jdk1.8.0_201\jre\lib\ext\localedata.jar;D:\Program Files\Java\jdk1.8.0_201\jre\lib\ext\nashorn.jar;D:\Program Files\Java\jdk1.8.0_201\jre\lib\ext\sunec.jar;D:\Program Files\Java\jdk1.8.0_201\jre\lib\ext\sunjce_provider.jar;D:\Program Files\Java\jdk1.8.0_201\jre\lib\ext\sunmscapi.jar;D:\Program Files\Java\jdk1.8.0_201\jre\lib\ext\sunpkcs11.jar;D:\Program Files\Java\jdk1.8.0_201\jre\lib\ext\zipfs.jar;D:\Program Files\Java\jdk1.8.0_201\jre\lib\javaws.jar;D:\Program Files\Java\jdk1.8.0_201\jre\lib\jce.jar;D:\Program Files\Java\jdk1.8.0_201\jre\lib\jfr.jar;D:\Program Files\Java\jdk1.8.0_201\jre\lib\jfxswt.jar;D:\Program Files\Java\jdk1.8.0_201\jre\lib\jsse.jar;D:\Program Files\Java\jdk1.8.0_201\jre\lib\management-agent.jar;D:\Program Files\Java\jdk1.8.0_201\jre\lib\plugin.jar;D:\Program Files\Java\jdk1.8.0_201\jre\lib\resources.jar;D:\Program Files\Java\jdk1.8.0_201\jre\lib\rt.jar;E:\gitdir\learn_projects\UserBehaviorAnalysis_Flink_wushengran\OrderTimeoutDetect\target\classes;E:\software\apache-maven-3.6.0\repo\org\apache\flink\flink-cep-scala_2.12\1.10.1\flink-cep-scala_2.12-1.10.1.jar;E:\software\apache-maven-3.6.0\repo\org\apache\flink\flink-cep_2.12\1.10.1\flink-cep_2.12-1.10.1.jar;E:\software\apache-maven-3.6.0\repo\org\apache\flink\flink-shaded-guava\18.0-9.0\flink-shaded-guava-18.0-9.0.jar;E:\software\apache-maven-3.6.0\repo\org\apache\flink\force-shading\1.10.1\force-shading-1.10.1.jar;E:\software\apache-maven-3.6.0\repo\org\apache\flink\flink-scala_2.12\1.10.1\flink-scala_2.12-1.10.1.jar;E:\software\apache-ma
Launcher Type: SUN_STANDARD

Environment Variables:
JAVA_HOME=D:\Program Files\Java\jdk1.8.0_201
CLASSPATH=D:\Program Files\Java\jdk1.8.0_201\jre\lib\rt.jar;.;.;E:\software\scala-2.11.8\bin;E:\software\scala-2.11.8\lib\dt.jar;E:\software\scala-2.11.8\lib\tools.jar.;
PATH=C:\Windows\system32;C:\Windows;C:\Windows\System32\Wbem;C:\Windows\System32\WindowsPowerShell\v1.0\;C:\Windows\System32\OpenSSH\;D:\Program Files\Java\jdk1.8.0_201\bin;E:\software\scala-2.11.8\bin;E:\software\hadoop-2.7.4\hadoop-common-2.2.0-bin-master\bin;E:\software\anaconda;E:\software\anaconda\Scripts;C:\Program Files\TortoiseSVN\bin;E:\software\Git\cmd;E:\software\mysql5.5\mysql_server\bin;E:\software\anaconda\Library\bin;C:\Users\PC\AppData\Local\Microsoft\WindowsApps;C:\Users\PC\AppData\Local\GitHubDesktop\bin
USERNAME=PC
OS=Windows_NT
PROCESSOR_IDENTIFIER=Intel64 Family 6 Model 158 Stepping 10, GenuineIntel



---------------  S Y S T E M  ---------------

OS: Windows 10.0 , 64 bit Build 19041 (10.0.19041.292)

CPU:total 12 (initial active 12) (6 cores per cpu, 2 threads per core) family 6 model 158 stepping 10, cmov, cx8, fxsr, mmx, sse, sse2, sse3, ssse3, sse4.1, sse4.2, popcnt, avx, avx2, aes, clmul, erms, rtm, 3dnowpref, lzcnt, ht, tsc, tscinvbit, bmi1, bmi2, adx

Memory: 4k page, physical 16614656k(3665436k free), swap 32241788k(4284k free)

vm_info: Java HotSpot(TM) 64-Bit Server VM (25.201-b09) for windows-amd64 JRE (1.8.0_201-b09), built on Dec 15 2018 18:36:39 by "java_re" with MS VC++ 10.0 (VS2010)

time: Thu Oct 15 19:41:38 2020
timezone: 中国标准时间
elapsed time: 4 seconds (0d 0h 0m 4s)

