#
# There is insufficient memory for the Java Runtime Environment to continue.
# Native memory allocation (malloc) failed to allocate 1099856 bytes for Chunk::new
# Possible reasons:
#   The system is out of physical RAM or swap space
#   The process is running with CompressedOops enabled, and the Java Heap may be blocking the growth of the native heap
# Possible solutions:
#   Reduce memory load on the system
#   Increase physical memory or swap space
#   Check if swap backing store is full
#   Decrease Java heap size (-Xmx/-Xms)
#   Decrease number of Java threads
#   Decrease Java thread stack sizes (-Xss)
#   Set larger code cache with -XX:ReservedCodeCacheSize=
#   JVM is running with Zero Based Compressed Oops mode in which the Java heap is
#     placed in the first 32GB address space. The Java Heap base address is the
#     maximum limit for the native heap growth. Please use -XX:HeapBaseMinAddress
#     to set the Java Heap base and to place the Java Heap above 32GB virtual address.
# This output file may be truncated or incomplete.
#
#  Out of Memory Error (allocation.cpp:390), pid=28768, tid=0x00000000000069fc
#
# JRE version: Java(TM) SE Runtime Environment (8.0_201-b09) (build 1.8.0_201-b09)
# Java VM: Java HotSpot(TM) 64-Bit Server VM (25.201-b09 mixed mode windows-amd64 compressed oops)
# Failed to write core dump. Minidumps are not enabled by default on client versions of Windows
#

---------------  T H R E A D  ---------------

Current thread (0x000000001e005800):  JavaThread "C2 CompilerThread2" daemon [_thread_in_native, id=27132, stack(0x000000001fd60000,0x000000001fe60000)]

Stack: [0x000000001fd60000,0x000000001fe60000]
[error occurred during error reporting (printing stack bounds), id 0xc0000005]

Native frames: (J=compiled Java code, j=interpreted, Vv=VM code, C=native code)


Current CompileTask:
C2:   2783 3224   !   4       java.net.URLClassLoader$1::run (63 bytes)


---------------  P R O C E S S  ---------------

Java Threads: ( => current thread )
  0x0000000025ada800 JavaThread "flink-metrics-akka.remote.default-remote-dispatcher-4" [_thread_in_native, id=28840, stack(0x00000000261a0000,0x00000000262a0000)]
  0x0000000025a6f000 JavaThread "flink-metrics-akka.remote.default-remote-dispatcher-3" [_thread_blocked, id=23704, stack(0x00000000260a0000,0x00000000261a0000)]
  0x00000000252b4000 JavaThread "flink-metrics-2" [_thread_blocked, id=22300, stack(0x00000000265b0000,0x00000000266b0000)]
  0x0000000025149800 JavaThread "flink-metrics-scheduler-1" [_thread_blocked, id=18060, stack(0x0000000024fc0000,0x00000000250c0000)]
  0x000000002376a000 JavaThread "flink-akka.actor.default-dispatcher-4" [_thread_blocked, id=29832, stack(0x00000000249d0000,0x0000000024ad0000)]
  0x000000002376c800 JavaThread "flink-akka.actor.default-dispatcher-3" [_thread_blocked, id=5752, stack(0x00000000248d0000,0x00000000249d0000)]
  0x00000000236d7800 JavaThread "flink-akka.actor.default-dispatcher-2" [_thread_blocked, id=26796, stack(0x00000000247d0000,0x00000000248d0000)]
  0x0000000023570800 JavaThread "flink-scheduler-1" [_thread_blocked, id=26208, stack(0x00000000244d0000,0x00000000245d0000)]
  0x000000001e00d800 JavaThread "Service Thread" daemon [_thread_blocked, id=9256, stack(0x000000001ff60000,0x0000000020060000)]
  0x000000001e006000 JavaThread "C1 CompilerThread3" daemon [_thread_blocked, id=6556, stack(0x000000001fe60000,0x000000001ff60000)]
=>0x000000001e005800 JavaThread "C2 CompilerThread2" daemon [_thread_in_native, id=27132, stack(0x000000001fd60000,0x000000001fe60000)]
  0x000000001e003800 JavaThread "C2 CompilerThread1" daemon [_thread_in_native, id=16412, stack(0x000000001fc60000,0x000000001fd60000)]
  0x000000001f2cf000 JavaThread "C2 CompilerThread0" daemon [_thread_blocked, id=28848, stack(0x000000001fb60000,0x000000001fc60000)]
  0x000000001dfd7000 JavaThread "Monitor Ctrl-Break" daemon [_thread_in_native, id=22636, stack(0x000000001fa60000,0x000000001fb60000)]
  0x000000001dcec800 JavaThread "Attach Listener" daemon [_thread_blocked, id=19584, stack(0x000000001f150000,0x000000001f250000)]
  0x000000001dc99000 JavaThread "Signal Dispatcher" daemon [_thread_blocked, id=18940, stack(0x000000001f050000,0x000000001f150000)]
  0x000000001c5b3000 JavaThread "Finalizer" daemon [_thread_blocked, id=27108, stack(0x000000001eef0000,0x000000001eff0000)]
  0x000000001dc73000 JavaThread "Reference Handler" daemon [_thread_blocked, id=29732, stack(0x000000001edf0000,0x000000001eef0000)]
  0x0000000002906000 JavaThread "main" [_thread_blocked, id=29540, stack(0x0000000002700000,0x0000000002800000)]

Other Threads:
  0x00000000029fb800 VMThread [stack: 0x000000001ecf0000,0x000000001edf0000] [id=19416]
  0x000000001e007000 WatcherThread [stack: 0x0000000020060000,0x0000000020160000] [id=26924]

VM state:not at safepoint (normal execution)

VM Mutex/Monitor currently owned by a thread: None

heap address: 0x00000006c2600000, size: 4058 MB, Compressed Oops mode: Zero based, Oop shift amount: 3
Narrow klass base: 0x0000000000000000, Narrow klass shift: 3
Compressed class space size: 1073741824 Address: 0x00000007c0000000

Heap:
 PSYoungGen      total 106496K, used 33548K [0x000000076b780000, 0x0000000772b80000, 0x00000007c0000000)
  eden space 95744K, 35% used [0x000000076b780000,0x000000076d843068,0x0000000771500000)
  from space 10752K, 0% used [0x0000000771f80000,0x0000000771f80000,0x0000000772a00000)
  to   space 10752K, 0% used [0x0000000771500000,0x0000000771500000,0x0000000771f80000)
 ParOldGen       total 164352K, used 13276K [0x00000006c2600000, 0x00000006cc680000, 0x000000076b780000)
  object space 164352K, 8% used [0x00000006c2600000,0x00000006c32f7110,0x00000006cc680000)
 Metaspace       used 37513K, capacity 39818K, committed 40064K, reserved 1083392K
  class space    used 5220K, capacity 5479K, committed 5504K, reserved 1048576K

Card table byte_map: [0x0000000011dc0000,0x00000000125b0000] byte_map_base: 0x000000000e7ad000

Marking Bits: (ParMarkBitMap*) 0x0000000062c54ce0
 Begin Bits: [0x0000000013500000, 0x0000000017468000)
 End Bits:   [0x0000000017468000, 0x000000001b3d0000)

Polling page: 0x0000000002220000

CodeCache: size=245760Kb used=10053Kb max_used=10064Kb free=235706Kb
 bounds [0x0000000002a00000, 0x00000000033e0000, 0x0000000011a00000]
 total_blobs=3678 nmethods=3236 adapters=353
 compilation: enabled

Compilation events (10 events):
Event: 2.764 Thread 0x000000001e006000 nmethod 3233 0x00000000033c2c90 code [0x00000000033c2e20, 0x00000000033c32e8]
Event: 2.764 Thread 0x000000001e006000 3235   !   3       java.lang.StringCoding::encode (120 bytes)
Event: 2.766 Thread 0x000000001e006000 nmethod 3235 0x00000000033cb290 code [0x00000000033cb5e0, 0x00000000033cd098]
Event: 2.766 Thread 0x000000001e006000 3236   !   3       java.lang.StringCoding$StringEncoder::encode (179 bytes)
Event: 2.768 Thread 0x000000001e006000 nmethod 3236 0x00000000033d6690 code [0x00000000033d69e0, 0x00000000033d86d8]
Event: 2.774 Thread 0x000000001f2cf000 nmethod 3234 0x00000000033d97d0 code [0x00000000033d9920, 0x00000000033da2a8]
Event: 2.774 Thread 0x000000001f2cf000 3237       4       java.lang.StringCoding::deref (19 bytes)
Event: 2.776 Thread 0x000000001f2cf000 nmethod 3237 0x00000000033c0e10 code [0x00000000033c0f80, 0x00000000033c1138]
Event: 2.777 Thread 0x000000001f2cf000 3238       4       java.lang.StringCoding::access$000 (6 bytes)
Event: 2.777 Thread 0x000000001f2cf000 nmethod 3238 0x00000000033c1590 code [0x00000000033c16c0, 0x00000000033c1718]

GC Heap History (10 events):
Event: 1.262 GC heap before
{Heap before GC invocations=2 (full 0):
 PSYoungGen      total 75776K, used 36905K [0x000000076b780000, 0x0000000770c00000, 0x00000007c0000000)
  eden space 65024K, 40% used [0x000000076b780000,0x000000076d166fe0,0x000000076f700000)
  from space 10752K, 96% used [0x000000076f700000,0x00000007701234a8,0x0000000770180000)
  to   space 10752K, 0% used [0x0000000770180000,0x0000000770180000,0x0000000770c00000)
 ParOldGen       total 173568K, used 16K [0x00000006c2600000, 0x00000006ccf80000, 0x000000076b780000)
  object space 173568K, 0% used [0x00000006c2600000,0x00000006c2604000,0x00000006ccf80000)
 Metaspace       used 20428K, capacity 21180K, committed 21296K, reserved 1067008K
  class space    used 2703K, capacity 2856K, committed 2944K, reserved 1048576K
Event: 1.267 GC heap after
Heap after GC invocations=2 (full 0):
 PSYoungGen      total 75776K, used 7775K [0x000000076b780000, 0x0000000774b80000, 0x00000007c0000000)
  eden space 65024K, 0% used [0x000000076b780000,0x000000076b780000,0x000000076f700000)
  from space 10752K, 72% used [0x0000000770180000,0x0000000770917c78,0x0000000770c00000)
  to   space 10752K, 0% used [0x000000076f700000,0x000000076f700000,0x0000000770180000)
 ParOldGen       total 173568K, used 24K [0x00000006c2600000, 0x00000006ccf80000, 0x000000076b780000)
  object space 173568K, 0% used [0x00000006c2600000,0x00000006c2606000,0x00000006ccf80000)
 Metaspace       used 20428K, capacity 21180K, committed 21296K, reserved 1067008K
  class space    used 2703K, capacity 2856K, committed 2944K, reserved 1048576K
}
Event: 1.267 GC heap before
{Heap before GC invocations=3 (full 1):
 PSYoungGen      total 75776K, used 7775K [0x000000076b780000, 0x0000000774b80000, 0x00000007c0000000)
  eden space 65024K, 0% used [0x000000076b780000,0x000000076b780000,0x000000076f700000)
  from space 10752K, 72% used [0x0000000770180000,0x0000000770917c78,0x0000000770c00000)
  to   space 10752K, 0% used [0x000000076f700000,0x000000076f700000,0x0000000770180000)
 ParOldGen       total 173568K, used 24K [0x00000006c2600000, 0x00000006ccf80000, 0x000000076b780000)
  object space 173568K, 0% used [0x00000006c2600000,0x00000006c2606000,0x00000006ccf80000)
 Metaspace       used 20428K, capacity 21180K, committed 21296K, reserved 1067008K
  class space    used 2703K, capacity 2856K, committed 2944K, reserved 1048576K
Event: 1.284 GC heap after
Heap after GC invocations=3 (full 1):
 PSYoungGen      total 75776K, used 0K [0x000000076b780000, 0x0000000774b80000, 0x00000007c0000000)
  eden space 65024K, 0% used [0x000000076b780000,0x000000076b780000,0x000000076f700000)
  from space 10752K, 0% used [0x0000000770180000,0x0000000770180000,0x0000000770c00000)
  to   space 10752K, 0% used [0x000000076f700000,0x000000076f700000,0x0000000770180000)
 ParOldGen       total 104448K, used 7485K [0x00000006c2600000, 0x00000006c8c00000, 0x000000076b780000)
  object space 104448K, 7% used [0x00000006c2600000,0x00000006c2d4f4e0,0x00000006c8c00000)
 Metaspace       used 20428K, capacity 21180K, committed 21296K, reserved 1067008K
  class space    used 2703K, capacity 2856K, committed 2944K, reserved 1048576K
}
Event: 2.158 GC heap before
{Heap before GC invocations=4 (full 1):
 PSYoungGen      total 75776K, used 65024K [0x000000076b780000, 0x0000000774b80000, 0x00000007c0000000)
  eden space 65024K, 100% used [0x000000076b780000,0x000000076f700000,0x000000076f700000)
  from space 10752K, 0% used [0x0000000770180000,0x0000000770180000,0x0000000770c00000)
  to   space 10752K, 0% used [0x000000076f700000,0x000000076f700000,0x0000000770180000)
 ParOldGen       total 104448K, used 7485K [0x00000006c2600000, 0x00000006c8c00000, 0x000000076b780000)
  object space 104448K, 7% used [0x00000006c2600000,0x00000006c2d4f4e0,0x00000006c8c00000)
 Metaspace       used 29033K, capacity 30510K, committed 30720K, reserved 1075200K
  class space    used 4084K, capacity 4286K, committed 4352K, reserved 1048576K
Event: 2.164 GC heap after
Heap after GC invocations=4 (full 1):
 PSYoungGen      total 75776K, used 9978K [0x000000076b780000, 0x0000000772a00000, 0x00000007c0000000)
  eden space 65024K, 0% used [0x000000076b780000,0x000000076b780000,0x000000076f700000)
  from space 10752K, 92% used [0x000000076f700000,0x00000007700beaf8,0x0000000770180000)
  to   space 10752K, 0% used [0x0000000771f80000,0x0000000771f80000,0x0000000772a00000)
 ParOldGen       total 104448K, used 7493K [0x00000006c2600000, 0x00000006c8c00000, 0x000000076b780000)
  object space 104448K, 7% used [0x00000006c2600000,0x00000006c2d514e0,0x00000006c8c00000)
 Metaspace       used 29033K, capacity 30510K, committed 30720K, reserved 1075200K
  class space    used 4084K, capacity 4286K, committed 4352K, reserved 1048576K
}
Event: 2.479 GC heap before
{Heap before GC invocations=5 (full 1):
 PSYoungGen      total 75776K, used 44485K [0x000000076b780000, 0x0000000772a00000, 0x00000007c0000000)
  eden space 65024K, 53% used [0x000000076b780000,0x000000076d932c50,0x000000076f700000)
  from space 10752K, 92% used [0x000000076f700000,0x00000007700beaf8,0x0000000770180000)
  to   space 10752K, 0% used [0x0000000771f80000,0x0000000771f80000,0x0000000772a00000)
 ParOldGen       total 104448K, used 7493K [0x00000006c2600000, 0x00000006c8c00000, 0x000000076b780000)
  object space 104448K, 7% used [0x00000006c2600000,0x00000006c2d514e0,0x00000006c8c00000)
 Metaspace       used 33539K, capacity 35348K, committed 35456K, reserved 1079296K
  class space    used 4638K, capacity 4887K, committed 4992K, reserved 1048576K
Event: 2.484 GC heap after
Heap after GC invocations=5 (full 1):
 PSYoungGen      total 106496K, used 9022K [0x000000076b780000, 0x0000000772b80000, 0x00000007c0000000)
  eden space 95744K, 0% used [0x000000076b780000,0x000000076b780000,0x0000000771500000)
  from space 10752K, 83% used [0x0000000771f80000,0x000000077284fa40,0x0000000772a00000)
  to   space 10752K, 0% used [0x0000000771500000,0x0000000771500000,0x0000000771f80000)
 ParOldGen       total 104448K, used 7501K [0x00000006c2600000, 0x00000006c8c00000, 0x000000076b780000)
  object space 104448K, 7% used [0x00000006c2600000,0x00000006c2d534e0,0x00000006c8c00000)
 Metaspace       used 33539K, capacity 35348K, committed 35456K, reserved 1079296K
  class space    used 4638K, capacity 4887K, committed 4992K, reserved 1048576K
}
Event: 2.484 GC heap before
{Heap before GC invocations=6 (full 2):
 PSYoungGen      total 106496K, used 9022K [0x000000076b780000, 0x0000000772b80000, 0x00000007c0000000)
  eden space 95744K, 0% used [0x000000076b780000,0x000000076b780000,0x0000000771500000)
  from space 10752K, 83% used [0x0000000771f80000,0x000000077284fa40,0x0000000772a00000)
  to   space 10752K, 0% used [0x0000000771500000,0x0000000771500000,0x0000000771f80000)
 ParOldGen       total 104448K, used 7501K [0x00000006c2600000, 0x00000006c8c00000, 0x000000076b780000)
  object space 104448K, 7% used [0x00000006c2600000,0x00000006c2d534e0,0x00000006c8c00000)
 Metaspace       used 33539K, capacity 35348K, committed 35456K, reserved 1079296K
  class space    used 4638K, capacity 4887K, committed 4992K, reserved 1048576K
Event: 2.507 GC heap after
Heap after GC invocations=6 (full 2):
 PSYoungGen      total 106496K, used 0K [0x000000076b780000, 0x0000000772b80000, 0x00000007c0000000)
  eden space 95744K, 0% used [0x000000076b780000,0x000000076b780000,0x0000000771500000)
  from space 10752K, 0% used [0x0000000771f80000,0x0000000771f80000,0x0000000772a00000)
  to   space 10752K, 0% used [0x0000000771500000,0x0000000771500000,0x0000000771f80000)
 ParOldGen       total 164352K, used 13276K [0x00000006c2600000, 0x00000006cc680000, 0x000000076b780000)
  object space 164352K, 8% used [0x00000006c2600000,0x00000006c32f7110,0x00000006cc680000)
 Metaspace       used 33537K, capacity 35342K, committed 35456K, reserved 1079296K
  class space    used 4638K, capacity 4886K, committed 4992K, reserved 1048576K
}

Deoptimization events (10 events):
Event: 2.525 Thread 0x0000000002906000 Uncommon trap: reason=class_check action=maybe_recompile pc=0x0000000002d0baa8 method=java.util.jar.JarFile.getJarEntry(Ljava/lang/String;)Ljava/util/jar/JarEntry; @ 2
Event: 2.526 Thread 0x0000000002906000 Uncommon trap: reason=class_check action=maybe_recompile pc=0x0000000002d0baa8 method=java.util.jar.JarFile.getJarEntry(Ljava/lang/String;)Ljava/util/jar/JarEntry; @ 2
Event: 2.526 Thread 0x0000000002906000 Uncommon trap: reason=class_check action=maybe_recompile pc=0x0000000002d0baa8 method=java.util.jar.JarFile.getJarEntry(Ljava/lang/String;)Ljava/util/jar/JarEntry; @ 2
Event: 2.533 Thread 0x0000000002906000 Uncommon trap: reason=unstable_if action=reinterpret pc=0x000000000327db68 method=java.util.HashMap.putVal(ILjava/lang/Object;Ljava/lang/Object;ZZ)Ljava/lang/Object; @ 236
Event: 2.541 Thread 0x0000000002906000 Uncommon trap: reason=unstable_if action=reinterpret pc=0x00000000031aaf7c method=java.lang.CharacterDataLatin1.isWhitespace(I)Z @ 14
Event: 2.634 Thread 0x0000000002906000 Uncommon trap: reason=class_check action=maybe_recompile pc=0x0000000003164520 method=scala.runtime.BoxesRunTime.equals2(Ljava/lang/Object;Ljava/lang/Object;)Z @ 8
Event: 2.634 Thread 0x0000000002906000 Uncommon trap: reason=class_check action=maybe_recompile pc=0x0000000003164520 method=scala.runtime.BoxesRunTime.equals2(Ljava/lang/Object;Ljava/lang/Object;)Z @ 8
Event: 2.634 Thread 0x0000000002906000 Uncommon trap: reason=class_check action=maybe_recompile pc=0x0000000003164520 method=scala.runtime.BoxesRunTime.equals2(Ljava/lang/Object;Ljava/lang/Object;)Z @ 8
Event: 2.634 Thread 0x0000000002906000 Uncommon trap: reason=class_check action=maybe_recompile pc=0x0000000003164520 method=scala.runtime.BoxesRunTime.equals2(Ljava/lang/Object;Ljava/lang/Object;)Z @ 8
Event: 2.691 Thread 0x0000000002906000 Uncommon trap: reason=unstable_if action=reinterpret pc=0x000000000332e708 method=java.util.concurrent.locks.AbstractQueuedSynchronizer.release(I)Z @ 14

Classes redefined (0 events):
No events

Internal exceptions (10 events):
Event: 2.518 Thread 0x0000000002906000 Exception <a 'java/lang/NoSuchMethodError': java.lang.Object.$anonfun$addLogger$1$adapted(ILjava/lang/Object;)Ljava/lang/Object;> (0x000000076b88a478) thrown at [C:\re\workspace\8-2-build-windows-amd64-cygwin\jdk8u201\12322\hotspot\src\share\vm\interprete
Event: 2.519 Thread 0x0000000002906000 Exception <a 'java/lang/NoSuchMethodError': java.lang.Object.$anonfun$addLogger$2$adapted(Lakka/event/LoggingBus;Lakka/actor/ActorRef;Ljava/lang/Object;)Ljava/lang/Object;> (0x000000076b88eba0) thrown at [C:\re\workspace\8-2-build-windows-amd64-cygwin\jdk
Event: 2.519 Thread 0x0000000002906000 Exception <a 'java/lang/NoSuchMethodError': java.lang.Object.$anonfun$startDefaultLoggers$5(Lakka/event/LoggingBus;Lscala/collection/immutable/Seq;I)V> (0x000000076b89eb20) thrown at [C:\re\workspace\8-2-build-windows-amd64-cygwin\jdk8u201\12322\hotspot\s
Event: 2.520 Thread 0x0000000002906000 Exception <a 'java/lang/NoSuchMethodError': java.lang.Object.$anonfun$removeFromCache$1(Lscala/collection/immutable/Map;Lscala/Tuple2;)Lscala/collection/immutable/Map;> (0x000000076b8b4400) thrown at [C:\re\workspace\8-2-build-windows-amd64-cygwin\jdk8u20
Event: 2.612 Thread 0x0000000002906000 Exception <a 'java/lang/NoSuchMethodError': java.lang.Object.$anonfun$$plus$plus$1(Lscala/collection/immutable/Map;Lscala/Tuple2;)Lscala/collection/immutable/Map;> (0x000000076c7c8a40) thrown at [C:\re\workspace\8-2-build-windows-amd64-cygwin\jdk8u201\123
Event: 2.632 Thread 0x0000000002906000 Exception <a 'java/lang/NoSuchMethodError': java.lang.Object.$anonfun$indexWhere$1$adapted(Lscala/Function1;Ljava/lang/Object;)Ljava/lang/Object;> (0x000000076c95de40) thrown at [C:\re\workspace\8-2-build-windows-amd64-cygwin\jdk8u201\12322\hotspot\src\sh
Event: 2.664 Thread 0x0000000002906000 Exception <a 'java/lang/NoSuchMethodError': java.lang.Object.$anonfun$asScalaBufferConverter$1(Lscala/collection/convert/DecorateAsScala;Ljava/util/List;)Lscala/collection/mutable/Buffer;> (0x000000076cdc5320) thrown at [C:\re\workspace\8-2-build-windows-
Event: 2.678 Thread 0x0000000002906000 Exception <a 'java/lang/NoSuchMethodError': java.lang.Object.$anonfun$reverse$1$adapted(Lscala/runtime/ObjectRef;Ljava/lang/Object;)Ljava/lang/Object;> (0x000000076cec8088) thrown at [C:\re\workspace\8-2-build-windows-amd64-cygwin\jdk8u201\12322\hotspot\s
Event: 2.711 Thread 0x0000000025a6f000 Exception <a 'java/lang/NoSuchMethodError': java.lang.Object.$anonfun$makeTransition$1$adapted(Lakka/actor/FSM;Ljava/lang/Object;)Ljava/lang/Object;> (0x000000076d46e998) thrown at [C:\re\workspace\8-2-build-windows-amd64-cygwin\jdk8u201\12322\hotspot\src
Event: 2.711 Thread 0x0000000025a6f000 Exception <a 'java/lang/NoSuchMethodError': java.lang.Object.$anonfun$handleTransition$1$adapted(Lscala/Tuple2;Lscala/PartialFunction;)Ljava/lang/Object;> (0x000000076d472fe8) thrown at [C:\re\workspace\8-2-build-windows-amd64-cygwin\jdk8u201\12322\hotspo

Events (10 events):
Event: 2.764 Thread 0x0000000025ada800 DEOPT PACKING pc=0x0000000002d41d0a sp=0x000000002629ad40
Event: 2.764 Thread 0x0000000025ada800 DEOPT UNPACKING pc=0x0000000002a47890 sp=0x000000002629aa58 mode 0
Event: 2.764 loading class java/net/NetworkInterface
Event: 2.765 loading class java/net/NetworkInterface done
Event: 2.765 loading class java/net/NetworkInterface$1
Event: 2.765 loading class java/net/NetworkInterface$1 done
Event: 2.765 loading class java/net/InterfaceAddress
Event: 2.765 loading class java/net/InterfaceAddress done
Event: 2.765 loading class java/net/DefaultInterface
Event: 2.765 loading class java/net/DefaultInterface done


Dynamic libraries:
0x00007ff6a1810000 - 0x00007ff6a1847000 	D:\Program Files\Java\jdk1.8.0_201\bin\java.exe
0x00007ffc528f0000 - 0x00007ffc52ae5000 	C:\Windows\SYSTEM32\ntdll.dll
0x00007ffc51e30000 - 0x00007ffc51eed000 	C:\Windows\System32\KERNEL32.DLL
0x00007ffc50680000 - 0x00007ffc50947000 	C:\Windows\System32\KERNELBASE.dll
0x00007ffc51500000 - 0x00007ffc515aa000 	C:\Windows\System32\ADVAPI32.dll
0x00007ffc51cd0000 - 0x00007ffc51d6e000 	C:\Windows\System32\msvcrt.dll
0x00007ffc51240000 - 0x00007ffc512db000 	C:\Windows\System32\sechost.dll
0x00007ffc510a0000 - 0x00007ffc511c4000 	C:\Windows\System32\RPCRT4.dll
0x00007ffc515e0000 - 0x00007ffc51780000 	C:\Windows\System32\USER32.dll
0x00007ffc500d0000 - 0x00007ffc500f2000 	C:\Windows\System32\win32u.dll
0x00007ffc515b0000 - 0x00007ffc515da000 	C:\Windows\System32\GDI32.dll
0x00007ffc50410000 - 0x00007ffc50519000 	C:\Windows\System32\gdi32full.dll
0x00007ffc50030000 - 0x00007ffc500cd000 	C:\Windows\System32\msvcp_win.dll
0x00007ffc501b0000 - 0x00007ffc502b0000 	C:\Windows\System32\ucrtbase.dll
0x00007ffc4e8d0000 - 0x00007ffc4eb6b000 	C:\Windows\WinSxS\amd64_microsoft.windows.common-controls_6595b64144ccf1df_6.0.19041.488_none_ca04af081b815d21\COMCTL32.dll
0x00007ffc52680000 - 0x00007ffc526b0000 	C:\Windows\System32\IMM32.DLL
0x0000000062ce0000 - 0x0000000062db1000 	D:\Program Files\Java\jdk1.8.0_201\jre\bin\msvcr100.dll
0x0000000062430000 - 0x0000000062cd4000 	D:\Program Files\Java\jdk1.8.0_201\jre\bin\server\jvm.dll
0x00007ffc51df0000 - 0x00007ffc51df8000 	C:\Windows\System32\PSAPI.DLL
0x00007ffc4e200000 - 0x00007ffc4e209000 	C:\Windows\SYSTEM32\WSOCK32.dll
0x00007ffc52840000 - 0x00007ffc528ab000 	C:\Windows\System32\WS2_32.dll
0x00007ffc2c680000 - 0x00007ffc2c6a7000 	C:\Windows\SYSTEM32\WINMM.dll
0x00007ffc4f540000 - 0x00007ffc4f54a000 	C:\Windows\SYSTEM32\VERSION.dll
0x00007ffc35870000 - 0x00007ffc3587f000 	D:\Program Files\Java\jdk1.8.0_201\jre\bin\verify.dll
0x00007ffc33600000 - 0x00007ffc33629000 	D:\Program Files\Java\jdk1.8.0_201\jre\bin\java.dll
0x00007ffc4e2c0000 - 0x00007ffc4e2e3000 	D:\Program Files\Java\jdk1.8.0_201\jre\bin\instrument.dll
0x00007ffc34a40000 - 0x00007ffc34a56000 	D:\Program Files\Java\jdk1.8.0_201\jre\bin\zip.dll
0x00007ffc50950000 - 0x00007ffc51091000 	C:\Windows\System32\SHELL32.dll
0x00007ffc4d440000 - 0x00007ffc4dbd3000 	C:\Windows\SYSTEM32\windows.storage.dll
0x00007ffc51970000 - 0x00007ffc51cc5000 	C:\Windows\System32\combase.dll
0x00007ffc4f550000 - 0x00007ffc4f57c000 	C:\Windows\SYSTEM32\Wldp.dll
0x00007ffc51f50000 - 0x00007ffc51ffe000 	C:\Windows\System32\SHCORE.dll
0x00007ffc51ef0000 - 0x00007ffc51f45000 	C:\Windows\System32\shlwapi.dll
0x00007ffc4ff60000 - 0x00007ffc4ff86000 	C:\Windows\SYSTEM32\profapi.dll
0x00007ffc4e2a0000 - 0x00007ffc4e2ba000 	E:\software\IntelliJ IDEA 2020.1.2\bin\breakgen64.dll
0x00007ffc34580000 - 0x00007ffc3459a000 	D:\Program Files\Java\jdk1.8.0_201\jre\bin\net.dll
0x00007ffc459b0000 - 0x00007ffc45b9d000 	C:\Windows\SYSTEM32\urlmon.dll
0x00007ffc46260000 - 0x00007ffc4650f000 	C:\Windows\SYSTEM32\iertutil.dll
0x00007ffc4f290000 - 0x00007ffc4f2fa000 	C:\Windows\system32\mswsock.dll
0x00007ffc2de30000 - 0x00007ffc2de47000 	C:\Windows\system32\napinsp.dll
0x00007ffc2dd40000 - 0x00007ffc2dd5b000 	C:\Windows\system32\pnrpnsp.dll
0x00007ffc2c7e0000 - 0x00007ffc2c7f5000 	C:\Windows\system32\wshbth.dll
0x00007ffc4adc0000 - 0x00007ffc4addd000 	C:\Windows\system32\NLAapi.dll
0x00007ffc4ef90000 - 0x00007ffc4efcb000 	C:\Windows\SYSTEM32\IPHLPAPI.DLL
0x00007ffc4efd0000 - 0x00007ffc4f09b000 	C:\Windows\SYSTEM32\DNSAPI.dll
0x00007ffc51e20000 - 0x00007ffc51e29000 	C:\Windows\System32\NSI.dll
0x00007ffc2a810000 - 0x00007ffc2a822000 	C:\Windows\System32\winrnr.dll
0x00007ffc47e90000 - 0x00007ffc47e9a000 	C:\Windows\System32\rasadhlp.dll
0x00007ffc48110000 - 0x00007ffc4818f000 	C:\Windows\System32\fwpuclnt.dll
0x00007ffc50390000 - 0x00007ffc503b7000 	C:\Windows\System32\bcrypt.dll
0x00007ffc32d50000 - 0x00007ffc32d61000 	D:\Program Files\Java\jdk1.8.0_201\jre\bin\nio.dll
0x00007ffc4fc60000 - 0x00007ffc4fc78000 	C:\Windows\SYSTEM32\CRYPTSP.dll
0x00007ffc4ec50000 - 0x00007ffc4ec84000 	C:\Windows\system32\rsaenh.dll
0x00007ffc4fee0000 - 0x00007ffc4ff0e000 	C:\Windows\SYSTEM32\USERENV.dll
0x00007ffc50310000 - 0x00007ffc5038f000 	C:\Windows\System32\bcryptprimitives.dll
0x00007ffc4f460000 - 0x00007ffc4f46c000 	C:\Windows\SYSTEM32\CRYPTBASE.dll
0x00007ffc49830000 - 0x00007ffc49847000 	C:\Windows\SYSTEM32\dhcpcsvc6.DLL
0x00007ffc497a0000 - 0x00007ffc497bd000 	C:\Windows\SYSTEM32\dhcpcsvc.DLL

VM Arguments:
jvm_args: -javaagent:E:\software\IntelliJ IDEA 2020.1.2\lib\idea_rt.jar=56405:E:\software\IntelliJ IDEA 2020.1.2\bin -Dfile.encoding=UTF-8 
java_command: com.atguigu.orderpay_detect.OrderTimeWithoutCco
java_class_path (initial): D:\Program Files\Java\jdk1.8.0_201\jre\lib\charsets.jar;D:\Program Files\Java\jdk1.8.0_201\jre\lib\deploy.jar;D:\Program Files\Java\jdk1.8.0_201\jre\lib\ext\access-bridge-64.jar;D:\Program Files\Java\jdk1.8.0_201\jre\lib\ext\cldrdata.jar;D:\Program Files\Java\jdk1.8.0_201\jre\lib\ext\dnsns.jar;D:\Program Files\Java\jdk1.8.0_201\jre\lib\ext\jaccess.jar;D:\Program Files\Java\jdk1.8.0_201\jre\lib\ext\jfxrt.jar;D:\Program Files\Java\jdk1.8.0_201\jre\lib\ext\localedata.jar;D:\Program Files\Java\jdk1.8.0_201\jre\lib\ext\nashorn.jar;D:\Program Files\Java\jdk1.8.0_201\jre\lib\ext\sunec.jar;D:\Program Files\Java\jdk1.8.0_201\jre\lib\ext\sunjce_provider.jar;D:\Program Files\Java\jdk1.8.0_201\jre\lib\ext\sunmscapi.jar;D:\Program Files\Java\jdk1.8.0_201\jre\lib\ext\sunpkcs11.jar;D:\Program Files\Java\jdk1.8.0_201\jre\lib\ext\zipfs.jar;D:\Program Files\Java\jdk1.8.0_201\jre\lib\javaws.jar;D:\Program Files\Java\jdk1.8.0_201\jre\lib\jce.jar;D:\Program Files\Java\jdk1.8.0_201\jre\lib\jfr.jar;D:\Program Files\Java\jdk1.8.0_201\jre\lib\jfxswt.jar;D:\Program Files\Java\jdk1.8.0_201\jre\lib\jsse.jar;D:\Program Files\Java\jdk1.8.0_201\jre\lib\management-agent.jar;D:\Program Files\Java\jdk1.8.0_201\jre\lib\plugin.jar;D:\Program Files\Java\jdk1.8.0_201\jre\lib\resources.jar;D:\Program Files\Java\jdk1.8.0_201\jre\lib\rt.jar;E:\gitdir\learn_projects\UserBehaviorAnalysis_Flink_wushengran\OrderTimeoutDetect\target\classes;E:\software\apache-maven-3.6.0\repo\org\apache\flink\flink-cep-scala_2.12\1.10.1\flink-cep-scala_2.12-1.10.1.jar;E:\software\apache-maven-3.6.0\repo\org\apache\flink\flink-cep_2.12\1.10.1\flink-cep_2.12-1.10.1.jar;E:\software\apache-maven-3.6.0\repo\org\apache\flink\flink-shaded-guava\18.0-9.0\flink-shaded-guava-18.0-9.0.jar;E:\software\apache-maven-3.6.0\repo\org\apache\flink\force-shading\1.10.1\force-shading-1.10.1.jar;E:\software\apache-maven-3.6.0\repo\org\apache\flink\flink-scala_2.12\1.10.1\flink-scala_2.12-1.10.1.jar;E:\software\apache-ma
Launcher Type: SUN_STANDARD

Environment Variables:
JAVA_HOME=D:\Program Files\Java\jdk1.8.0_201
CLASSPATH=D:\Program Files\Java\jdk1.8.0_201\jre\lib\rt.jar;.;.;E:\software\scala-2.11.8\bin;E:\software\scala-2.11.8\lib\dt.jar;E:\software\scala-2.11.8\lib\tools.jar.;
PATH=C:\Windows\system32;C:\Windows;C:\Windows\System32\Wbem;C:\Windows\System32\WindowsPowerShell\v1.0\;C:\Windows\System32\OpenSSH\;D:\Program Files\Java\jdk1.8.0_201\bin;E:\software\scala-2.11.8\bin;E:\software\hadoop-2.7.4\hadoop-common-2.2.0-bin-master\bin;E:\software\anaconda;E:\software\anaconda\Scripts;C:\Program Files\TortoiseSVN\bin;E:\software\Git\cmd;E:\software\mysql5.5\mysql_server\bin;E:\software\anaconda\Library\bin;C:\Users\PC\AppData\Local\Microsoft\WindowsApps;C:\Users\PC\AppData\Local\GitHubDesktop\bin
USERNAME=PC
OS=Windows_NT
PROCESSOR_IDENTIFIER=Intel64 Family 6 Model 158 Stepping 10, GenuineIntel



---------------  S Y S T E M  ---------------

OS: Windows 10.0 , 64 bit Build 19041 (10.0.19041.292)

CPU:total 12 (initial active 12) (6 cores per cpu, 2 threads per core) family 6 model 158 stepping 10, cmov, cx8, fxsr, mmx, sse, sse2, sse3, ssse3, sse4.1, sse4.2, popcnt, avx, avx2, aes, clmul, erms, rtm, 3dnowpref, lzcnt, ht, tsc, tscinvbit, bmi1, bmi2, adx

Memory: 4k page, physical 16614656k(4316204k free), swap 32241788k(4840k free)

vm_info: Java HotSpot(TM) 64-Bit Server VM (25.201-b09) for windows-amd64 JRE (1.8.0_201-b09), built on Dec 15 2018 18:36:39 by "java_re" with MS VC++ 10.0 (VS2010)

time: Thu Oct 15 18:52:15 2020
timezone: 中国标准时间
elapsed time: 2 seconds (0d 0h 0m 2s)

