#
# There is insufficient memory for the Java Runtime Environment to continue.
# Native memory allocation (malloc) failed to allocate 1062256 bytes for Chunk::new
# Possible reasons:
#   The system is out of physical RAM or swap space
#   The process is running with CompressedOops enabled, and the Java Heap may be blocking the growth of the native heap
# Possible solutions:
#   Reduce memory load on the system
#   Increase physical memory or swap space
#   Check if swap backing store is full
#   Decrease Java heap size (-Xmx/-Xms)
#   Decrease number of Java threads
#   Decrease Java thread stack sizes (-Xss)
#   Set larger code cache with -XX:ReservedCodeCacheSize=
#   JVM is running with Zero Based Compressed Oops mode in which the Java heap is
#     placed in the first 32GB address space. The Java Heap base address is the
#     maximum limit for the native heap growth. Please use -XX:HeapBaseMinAddress
#     to set the Java Heap base and to place the Java Heap above 32GB virtual address.
# This output file may be truncated or incomplete.
#
#  Out of Memory Error (allocation.cpp:390), pid=29016, tid=0x0000000000004e74
#
# JRE version: Java(TM) SE Runtime Environment (8.0_201-b09) (build 1.8.0_201-b09)
# Java VM: Java HotSpot(TM) 64-Bit Server VM (25.201-b09 mixed mode windows-amd64 compressed oops)
# Failed to write core dump. Minidumps are not enabled by default on client versions of Windows
#

---------------  T H R E A D  ---------------

Current thread (0x000000001eeec800):  JavaThread "C2 CompilerThread0" daemon [_thread_in_native, id=20084, stack(0x0000000020a20000,0x0000000020b20000)]

Stack: [0x0000000020a20000,0x0000000020b20000]
[error occurred during error reporting (printing stack bounds), id 0xc0000005]

Native frames: (J=compiled Java code, j=interpreted, Vv=VM code, C=native code)


Current CompileTask:
C2:   1903 2240       4       scala.reflect.internal.pickling.UnPickler$Scan::readSymbol (615 bytes)


---------------  P R O C E S S  ---------------

Java Threads: ( => current thread )
  0x000000002023f800 JavaThread "Service Thread" daemon [_thread_blocked, id=21980, stack(0x0000000020e20000,0x0000000020f20000)]
  0x000000001eefd000 JavaThread "C1 CompilerThread3" daemon [_thread_blocked, id=28644, stack(0x0000000020d20000,0x0000000020e20000)]
  0x000000001eefc000 JavaThread "C2 CompilerThread2" daemon [_thread_blocked, id=25072, stack(0x0000000020c20000,0x0000000020d20000)]
  0x000000001eeed800 JavaThread "C2 CompilerThread1" daemon [_thread_blocked, id=30608, stack(0x0000000020b20000,0x0000000020c20000)]
=>0x000000001eeec800 JavaThread "C2 CompilerThread0" daemon [_thread_in_native, id=20084, stack(0x0000000020a20000,0x0000000020b20000)]
  0x0000000020183000 JavaThread "Monitor Ctrl-Break" daemon [_thread_in_native, id=26068, stack(0x0000000020920000,0x0000000020a20000)]
  0x000000001eb8c000 JavaThread "Attach Listener" daemon [_thread_blocked, id=28380, stack(0x0000000020020000,0x0000000020120000)]
  0x000000001ebe2000 JavaThread "Signal Dispatcher" daemon [_thread_blocked, id=27748, stack(0x000000001ff20000,0x0000000020020000)]
  0x000000001d492800 JavaThread "Finalizer" daemon [_thread_blocked, id=27808, stack(0x000000001fdc0000,0x000000001fec0000)]
  0x000000001eb63000 JavaThread "Reference Handler" daemon [_thread_blocked, id=8640, stack(0x000000001fcc0000,0x000000001fdc0000)]
  0x0000000003796000 JavaThread "main" [_thread_in_vm, id=13448, stack(0x0000000003590000,0x0000000003690000)]

Other Threads:
  0x000000000388b800 VMThread [stack: 0x000000001fbc0000,0x000000001fcc0000] [id=24000]
  0x000000001eefe800 WatcherThread [stack: 0x0000000020f20000,0x0000000021020000] [id=11580]

VM state:not at safepoint (normal execution)

VM Mutex/Monitor currently owned by a thread: None

heap address: 0x00000006c2600000, size: 4058 MB, Compressed Oops mode: Zero based, Oop shift amount: 3
Narrow klass base: 0x0000000000000000, Narrow klass shift: 3
Compressed class space size: 1073741824 Address: 0x00000007c0000000

Heap:
 PSYoungGen      total 75776K, used 54715K [0x000000076b780000, 0x0000000770c00000, 0x00000007c0000000)
  eden space 65024K, 84% used [0x000000076b780000,0x000000076eceef18,0x000000076f700000)
  from space 10752K, 0% used [0x0000000770180000,0x0000000770180000,0x0000000770c00000)
  to   space 10752K, 0% used [0x000000076f700000,0x000000076f700000,0x0000000770180000)
 ParOldGen       total 108544K, used 7582K [0x00000006c2600000, 0x00000006c9000000, 0x000000076b780000)
  object space 108544K, 6% used [0x00000006c2600000,0x00000006c2d67938,0x00000006c9000000)
 Metaspace       used 27393K, capacity 28748K, committed 28928K, reserved 1075200K
  class space    used 3881K, capacity 4053K, committed 4096K, reserved 1048576K

Card table byte_map: [0x0000000012c50000,0x0000000013440000] byte_map_base: 0x000000000f63d000

Marking Bits: (ParMarkBitMap*) 0x0000000062c54ce0
 Begin Bits: [0x0000000014390000, 0x00000000182f8000)
 End Bits:   [0x00000000182f8000, 0x000000001c260000)

Polling page: 0x0000000003140000

CodeCache: size=245760Kb used=7712Kb max_used=7721Kb free=238047Kb
 bounds [0x0000000003890000, 0x0000000004020000, 0x0000000012890000]
 total_blobs=2957 nmethods=2551 adapters=317
 compilation: enabled

Compilation events (10 events):
Event: 1.890 Thread 0x000000001eefd000 nmethod 2548 0x0000000004012590 code [0x0000000004012700, 0x0000000004012868]
Event: 1.890 Thread 0x000000001eefd000 2549       3       java.lang.Character::isJavaIdentifierPart (9 bytes)
Event: 1.890 Thread 0x000000001eefd000 nmethod 2549 0x0000000004015650 code [0x00000000040157c0, 0x00000000040159f8]
Event: 1.890 Thread 0x000000001eefd000 2550       3       java.lang.CharacterDataLatin1::isJavaIdentifierPart (20 bytes)
Event: 1.890 Thread 0x000000001eefd000 nmethod 2550 0x0000000004015150 code [0x00000000040152c0, 0x0000000004015510]
Event: 1.891 Thread 0x000000001eefc000 nmethod 2547 0x000000000401add0 code [0x000000000401af20, 0x000000000401b1f8]
Event: 1.896 Thread 0x000000001eefd000 2551       3       java.util.jar.Attributes$Name::<init> (48 bytes)
Event: 1.896 Thread 0x000000001eefd000 nmethod 2551 0x000000000401c190 code [0x000000000401c340, 0x000000000401c7f8]
Event: 1.896 Thread 0x000000001eefd000 2552       1       java.io.File::getPrefixLength (5 bytes)
Event: 1.896 Thread 0x000000001eefd000 nmethod 2552 0x0000000004014e90 code [0x0000000004014fe0, 0x00000000040150f0]

GC Heap History (6 events):
Event: 0.883 GC heap before
{Heap before GC invocations=1 (full 0):
 PSYoungGen      total 75776K, used 65024K [0x000000076b780000, 0x0000000770c00000, 0x00000007c0000000)
  eden space 65024K, 100% used [0x000000076b780000,0x000000076f700000,0x000000076f700000)
  from space 10752K, 0% used [0x0000000770180000,0x0000000770180000,0x0000000770c00000)
  to   space 10752K, 0% used [0x000000076f700000,0x000000076f700000,0x0000000770180000)
 ParOldGen       total 173568K, used 0K [0x00000006c2600000, 0x00000006ccf80000, 0x000000076b780000)
  object space 173568K, 0% used [0x00000006c2600000,0x00000006c2600000,0x00000006ccf80000)
 Metaspace       used 15209K, capacity 15822K, committed 15872K, reserved 1062912K
  class space    used 1856K, capacity 2001K, committed 2048K, reserved 1048576K
Event: 0.889 GC heap after
Heap after GC invocations=1 (full 0):
 PSYoungGen      total 75776K, used 10382K [0x000000076b780000, 0x0000000770c00000, 0x00000007c0000000)
  eden space 65024K, 0% used [0x000000076b780000,0x000000076b780000,0x000000076f700000)
  from space 10752K, 96% used [0x000000076f700000,0x00000007701239a0,0x0000000770180000)
  to   space 10752K, 0% used [0x0000000770180000,0x0000000770180000,0x0000000770c00000)
 ParOldGen       total 173568K, used 16K [0x00000006c2600000, 0x00000006ccf80000, 0x000000076b780000)
  object space 173568K, 0% used [0x00000006c2600000,0x00000006c2604000,0x00000006ccf80000)
 Metaspace       used 15209K, capacity 15822K, committed 15872K, reserved 1062912K
  class space    used 1856K, capacity 2001K, committed 2048K, reserved 1048576K
}
Event: 1.143 GC heap before
{Heap before GC invocations=2 (full 0):
 PSYoungGen      total 75776K, used 38289K [0x000000076b780000, 0x0000000770c00000, 0x00000007c0000000)
  eden space 65024K, 42% used [0x000000076b780000,0x000000076d2c0d98,0x000000076f700000)
  from space 10752K, 96% used [0x000000076f700000,0x00000007701239a0,0x0000000770180000)
  to   space 10752K, 0% used [0x0000000770180000,0x0000000770180000,0x0000000770c00000)
 ParOldGen       total 173568K, used 16K [0x00000006c2600000, 0x00000006ccf80000, 0x000000076b780000)
  object space 173568K, 0% used [0x00000006c2600000,0x00000006c2604000,0x00000006ccf80000)
 Metaspace       used 20456K, capacity 21168K, committed 21296K, reserved 1067008K
  class space    used 2700K, capacity 2864K, committed 2944K, reserved 1048576K
Event: 1.148 GC heap after
Heap after GC invocations=2 (full 0):
 PSYoungGen      total 75776K, used 8008K [0x000000076b780000, 0x0000000770c00000, 0x00000007c0000000)
  eden space 65024K, 0% used [0x000000076b780000,0x000000076b780000,0x000000076f700000)
  from space 10752K, 74% used [0x0000000770180000,0x0000000770952138,0x0000000770c00000)
  to   space 10752K, 0% used [0x000000076f700000,0x000000076f700000,0x0000000770180000)
 ParOldGen       total 173568K, used 24K [0x00000006c2600000, 0x00000006ccf80000, 0x000000076b780000)
  object space 173568K, 0% used [0x00000006c2600000,0x00000006c2606000,0x00000006ccf80000)
 Metaspace       used 20456K, capacity 21168K, committed 21296K, reserved 1067008K
  class space    used 2700K, capacity 2864K, committed 2944K, reserved 1048576K
}
Event: 1.148 GC heap before
{Heap before GC invocations=3 (full 1):
 PSYoungGen      total 75776K, used 8008K [0x000000076b780000, 0x0000000770c00000, 0x00000007c0000000)
  eden space 65024K, 0% used [0x000000076b780000,0x000000076b780000,0x000000076f700000)
  from space 10752K, 74% used [0x0000000770180000,0x0000000770952138,0x0000000770c00000)
  to   space 10752K, 0% used [0x000000076f700000,0x000000076f700000,0x0000000770180000)
 ParOldGen       total 173568K, used 24K [0x00000006c2600000, 0x00000006ccf80000, 0x000000076b780000)
  object space 173568K, 0% used [0x00000006c2600000,0x00000006c2606000,0x00000006ccf80000)
 Metaspace       used 20456K, capacity 21168K, committed 21296K, reserved 1067008K
  class space    used 2700K, capacity 2864K, committed 2944K, reserved 1048576K
Event: 1.165 GC heap after
Heap after GC invocations=3 (full 1):
 PSYoungGen      total 75776K, used 0K [0x000000076b780000, 0x0000000770c00000, 0x00000007c0000000)
  eden space 65024K, 0% used [0x000000076b780000,0x000000076b780000,0x000000076f700000)
  from space 10752K, 0% used [0x0000000770180000,0x0000000770180000,0x0000000770c00000)
  to   space 10752K, 0% used [0x000000076f700000,0x000000076f700000,0x0000000770180000)
 ParOldGen       total 108544K, used 7582K [0x00000006c2600000, 0x00000006c9000000, 0x000000076b780000)
  object space 108544K, 6% used [0x00000006c2600000,0x00000006c2d67938,0x00000006c9000000)
 Metaspace       used 20456K, capacity 21168K, committed 21296K, reserved 1067008K
  class space    used 2700K, capacity 2864K, committed 2944K, reserved 1048576K
}

Deoptimization events (10 events):
Event: 1.690 Thread 0x0000000003796000 Uncommon trap: reason=bimorphic action=maybe_recompile pc=0x0000000003dad354 method=scala.reflect.runtime.SynchronizedSymbols$SynchronizedSymbol$$anon$7.scala$reflect$runtime$SynchronizedSymbols$SynchronizedSymbol$$$outer()Lscala/reflect/runtime/Synchroni
Event: 1.690 Thread 0x0000000003796000 Uncommon trap: reason=bimorphic action=maybe_recompile pc=0x0000000003dad354 method=scala.reflect.runtime.SynchronizedSymbols$SynchronizedSymbol$$anon$7.scala$reflect$runtime$SynchronizedSymbols$SynchronizedSymbol$$$outer()Lscala/reflect/runtime/Synchroni
Event: 1.690 Thread 0x0000000003796000 Uncommon trap: reason=bimorphic action=maybe_recompile pc=0x0000000003dbaf84 method=scala.reflect.runtime.SynchronizedSymbols$SynchronizedSymbol$$anon$7.scala$reflect$runtime$SynchronizedSymbols$SynchronizedSymbol$$$outer()Lscala/reflect/runtime/Synchroni
Event: 1.730 Thread 0x0000000003796000 Uncommon trap: reason=bimorphic action=maybe_recompile pc=0x0000000003f0ebec method=scala.reflect.runtime.SynchronizedSymbols$SynchronizedSymbol$$anon$2.scala$reflect$runtime$SynchronizedSymbols$SynchronizedSymbol$$$outer()Lscala/reflect/runtime/Synchroni
Event: 1.730 Thread 0x0000000003796000 Uncommon trap: reason=bimorphic action=maybe_recompile pc=0x0000000003f0ebec method=scala.reflect.runtime.SynchronizedSymbols$SynchronizedSymbol$$anon$2.scala$reflect$runtime$SynchronizedSymbols$SynchronizedSymbol$$$outer()Lscala/reflect/runtime/Synchroni
Event: 1.730 Thread 0x0000000003796000 Uncommon trap: reason=bimorphic action=maybe_recompile pc=0x0000000003f0ebec method=scala.reflect.runtime.SynchronizedSymbols$SynchronizedSymbol$$anon$2.scala$reflect$runtime$SynchronizedSymbols$SynchronizedSymbol$$$outer()Lscala/reflect/runtime/Synchroni
Event: 1.730 Thread 0x0000000003796000 Uncommon trap: reason=bimorphic action=maybe_recompile pc=0x0000000003f0ebec method=scala.reflect.runtime.SynchronizedSymbols$SynchronizedSymbol$$anon$2.scala$reflect$runtime$SynchronizedSymbols$SynchronizedSymbol$$$outer()Lscala/reflect/runtime/Synchroni
Event: 1.849 Thread 0x0000000003796000 Uncommon trap: reason=class_check action=maybe_recompile pc=0x0000000003dd0454 method=scala.reflect.runtime.SynchronizedSymbols$SynchronizedSymbol.getFlag(J)J @ 39
Event: 1.868 Thread 0x0000000003796000 Uncommon trap: reason=class_check action=maybe_recompile pc=0x0000000003dd0454 method=scala.reflect.runtime.SynchronizedSymbols$SynchronizedSymbol.getFlag(J)J @ 39
Event: 1.882 Thread 0x0000000003796000 Uncommon trap: reason=class_check action=maybe_recompile pc=0x0000000003dd0454 method=scala.reflect.runtime.SynchronizedSymbols$SynchronizedSymbol.getFlag(J)J @ 39

Classes redefined (0 events):
No events

Internal exceptions (10 events):
Event: 1.826 Thread 0x0000000003796000 Exception <a 'java/lang/NoSuchMethodError': java.lang.Object.$anonfun$mapFrom$1(Lscala/Function1;Ljava/lang/Object;)Lscala/Tuple2;> (0x000000076e467600) thrown at [C:\re\workspace\8-2-build-windows-amd64-cygwin\jdk8u201\12322\hotspot\src\share\vm\interpre
Event: 1.828 Thread 0x0000000003796000 Exception <a 'java/lang/NoSuchMethodError': java.lang.Object.$anonfun$withDefaultValue$1(Ljava/lang/Object;Ljava/lang/Object;)Ljava/lang/Object;> (0x000000076e47e688) thrown at [C:\re\workspace\8-2-build-windows-amd64-cygwin\jdk8u201\12322\hotspot\src\sha
Event: 1.829 Thread 0x0000000003796000 Exception <a 'java/lang/NoSuchMethodError': java.lang.Object.$anonfun$symbolsMapFilt$1$adapted(Lscala/Function1;Lscala/reflect/internal/Symbols$Symbol;)Ljava/lang/Object;> (0x000000076e495790) thrown at [C:\re\workspace\8-2-build-windows-amd64-cygwin\jdk8
Event: 1.830 Thread 0x0000000003796000 Exception <a 'java/lang/NoSuchMethodError': java.lang.Object.$anonfun$boxedModule$1(Lscala/reflect/internal/Definitions$ValueClassDefinitions;Lscala/reflect/internal/Names$Name;)Lscala/reflect/internal/Symbols$ModuleSymbol;> (0x000000076e4a3240) thrown at
Event: 1.830 Thread 0x0000000003796000 Exception <a 'java/lang/NoSuchMethodError': java.lang.Object.$anonfun$ScalaValueClassesNoUnit$1$adapted(Lscala/reflect/internal/Definitions$ValueClassDefinitions;Lscala/reflect/internal/Symbols$ClassSymbol;)Ljava/lang/Object;> (0x000000076e4aa820) thrown 
Event: 1.831 Thread 0x0000000003796000 Exception <a 'java/lang/NoSuchMethodError': java.lang.Object.$anonfun$boxedClass$1(Lscala/reflect/internal/Definitions$ValueClassDefinitions;Lscala/reflect/internal/Names$Name;)Lscala/reflect/internal/Symbols$ClassSymbol;> (0x000000076e4babf0) thrown at [
Event: 1.832 Thread 0x0000000003796000 Exception <a 'java/lang/NoSuchMethodError': java.lang.Object.$anonfun$refClass$1(Lscala/reflect/internal/Definitions$ValueClassDefinitions;Lscala/reflect/internal/Names$Name;)Lscala/reflect/internal/Symbols$ClassSymbol;> (0x000000076e4c2dc0) thrown at [C:
Event: 1.834 Thread 0x0000000003796000 Exception <a 'java/lang/NoSuchMethodError': java.lang.Object.$anonfun$volatileRefClass$1(Lscala/reflect/internal/Definitions$ValueClassDefinitions;Lscala/reflect/internal/Names$Name;)Lscala/reflect/internal/Symbols$ClassSymbol;> (0x000000076e4e8fb0) throw
Event: 1.837 Thread 0x0000000003796000 Exception <a 'java/lang/NoSuchMethodError': java.lang.Object.$anonfun$lazyHolders$1(Lscala/reflect/internal/Definitions$ValueClassDefinitions;Lscala/reflect/internal/Names$Name;)Lscala/reflect/internal/Symbols$Symbol;> (0x000000076e51ca30) thrown at [C:\r
Event: 1.861 Thread 0x0000000003796000 Exception <a 'java/lang/NoSuchMethodError': java.lang.Object.$anonfun$flatten$1(Lscala/Function1;Lscala/collection/mutable/Builder;Ljava/lang/Object;)Lscala/collection/mutable/Builder;> (0x000000076e76c6b0) thrown at [C:\re\workspace\8-2-build-windows-amd

Events (10 events):
Event: 1.900 loading class org/apache/flink/runtime/jobgraph/JobVertex
Event: 1.900 loading class org/apache/flink/runtime/jobgraph/JobVertex done
Event: 1.901 loading class org/apache/flink/runtime/jobgraph/InputOutputFormatVertex
Event: 1.901 loading class org/apache/flink/runtime/jobgraph/InputOutputFormatVertex done
Event: 1.901 loading class org/apache/flink/streaming/api/graph/StreamGraphHasherV2
Event: 1.901 loading class org/apache/flink/streaming/api/graph/StreamGraphHasherV2 done
Event: 1.902 loading class org/apache/flink/streaming/api/graph/StreamGraphUserHashHasher
Event: 1.902 loading class org/apache/flink/streaming/api/graph/StreamGraphUserHashHasher done
Event: 1.902 loading class org/apache/flink/runtime/jobgraph/JobGraph
Event: 1.902 loading class org/apache/flink/runtime/jobgraph/JobGraph done


Dynamic libraries:
0x00007ff6a1810000 - 0x00007ff6a1847000 	D:\Program Files\Java\jdk1.8.0_201\bin\java.exe
0x00007ffc528f0000 - 0x00007ffc52ae5000 	C:\Windows\SYSTEM32\ntdll.dll
0x00007ffc51e30000 - 0x00007ffc51eed000 	C:\Windows\System32\KERNEL32.DLL
0x00007ffc50680000 - 0x00007ffc50947000 	C:\Windows\System32\KERNELBASE.dll
0x00007ffc51500000 - 0x00007ffc515aa000 	C:\Windows\System32\ADVAPI32.dll
0x00007ffc51cd0000 - 0x00007ffc51d6e000 	C:\Windows\System32\msvcrt.dll
0x00007ffc51240000 - 0x00007ffc512db000 	C:\Windows\System32\sechost.dll
0x00007ffc510a0000 - 0x00007ffc511c4000 	C:\Windows\System32\RPCRT4.dll
0x00007ffc515e0000 - 0x00007ffc51780000 	C:\Windows\System32\USER32.dll
0x00007ffc500d0000 - 0x00007ffc500f2000 	C:\Windows\System32\win32u.dll
0x00007ffc515b0000 - 0x00007ffc515da000 	C:\Windows\System32\GDI32.dll
0x00007ffc50410000 - 0x00007ffc50519000 	C:\Windows\System32\gdi32full.dll
0x00007ffc50030000 - 0x00007ffc500cd000 	C:\Windows\System32\msvcp_win.dll
0x00007ffc501b0000 - 0x00007ffc502b0000 	C:\Windows\System32\ucrtbase.dll
0x00007ffc4e8d0000 - 0x00007ffc4eb6b000 	C:\Windows\WinSxS\amd64_microsoft.windows.common-controls_6595b64144ccf1df_6.0.19041.488_none_ca04af081b815d21\COMCTL32.dll
0x00007ffc52680000 - 0x00007ffc526b0000 	C:\Windows\System32\IMM32.DLL
0x0000000062ce0000 - 0x0000000062db1000 	D:\Program Files\Java\jdk1.8.0_201\jre\bin\msvcr100.dll
0x0000000062430000 - 0x0000000062cd4000 	D:\Program Files\Java\jdk1.8.0_201\jre\bin\server\jvm.dll
0x00007ffc51df0000 - 0x00007ffc51df8000 	C:\Windows\System32\PSAPI.DLL
0x00007ffc4e200000 - 0x00007ffc4e209000 	C:\Windows\SYSTEM32\WSOCK32.dll
0x00007ffc52840000 - 0x00007ffc528ab000 	C:\Windows\System32\WS2_32.dll
0x00007ffc4f540000 - 0x00007ffc4f54a000 	C:\Windows\SYSTEM32\VERSION.dll
0x00007ffc2c680000 - 0x00007ffc2c6a7000 	C:\Windows\SYSTEM32\WINMM.dll
0x00007ffc35870000 - 0x00007ffc3587f000 	D:\Program Files\Java\jdk1.8.0_201\jre\bin\verify.dll
0x00007ffc33600000 - 0x00007ffc33629000 	D:\Program Files\Java\jdk1.8.0_201\jre\bin\java.dll
0x00007ffc4e280000 - 0x00007ffc4e2a3000 	D:\Program Files\Java\jdk1.8.0_201\jre\bin\instrument.dll
0x00007ffc34a40000 - 0x00007ffc34a56000 	D:\Program Files\Java\jdk1.8.0_201\jre\bin\zip.dll
0x00007ffc50950000 - 0x00007ffc51091000 	C:\Windows\System32\SHELL32.dll
0x00007ffc4d440000 - 0x00007ffc4dbd3000 	C:\Windows\SYSTEM32\windows.storage.dll
0x00007ffc51970000 - 0x00007ffc51cc5000 	C:\Windows\System32\combase.dll
0x00007ffc4f550000 - 0x00007ffc4f57c000 	C:\Windows\SYSTEM32\Wldp.dll
0x00007ffc51f50000 - 0x00007ffc51ffe000 	C:\Windows\System32\SHCORE.dll
0x00007ffc51ef0000 - 0x00007ffc51f45000 	C:\Windows\System32\shlwapi.dll
0x00007ffc4ff60000 - 0x00007ffc4ff86000 	C:\Windows\SYSTEM32\profapi.dll
0x00007ffc4e260000 - 0x00007ffc4e27a000 	E:\software\IntelliJ IDEA 2020.1.2\bin\breakgen64.dll
0x00007ffc34580000 - 0x00007ffc3459a000 	D:\Program Files\Java\jdk1.8.0_201\jre\bin\net.dll
0x00007ffc459b0000 - 0x00007ffc45b9d000 	C:\Windows\SYSTEM32\urlmon.dll
0x00007ffc46260000 - 0x00007ffc4650f000 	C:\Windows\SYSTEM32\iertutil.dll
0x00007ffc4f290000 - 0x00007ffc4f2fa000 	C:\Windows\system32\mswsock.dll

VM Arguments:
jvm_args: -javaagent:E:\software\IntelliJ IDEA 2020.1.2\lib\idea_rt.jar=57958:E:\software\IntelliJ IDEA 2020.1.2\bin -Dfile.encoding=UTF-8 
java_command: com.atguigu.orderpay_detect.TxMatch
java_class_path (initial): D:\Program Files\Java\jdk1.8.0_201\jre\lib\charsets.jar;D:\Program Files\Java\jdk1.8.0_201\jre\lib\deploy.jar;D:\Program Files\Java\jdk1.8.0_201\jre\lib\ext\access-bridge-64.jar;D:\Program Files\Java\jdk1.8.0_201\jre\lib\ext\cldrdata.jar;D:\Program Files\Java\jdk1.8.0_201\jre\lib\ext\dnsns.jar;D:\Program Files\Java\jdk1.8.0_201\jre\lib\ext\jaccess.jar;D:\Program Files\Java\jdk1.8.0_201\jre\lib\ext\jfxrt.jar;D:\Program Files\Java\jdk1.8.0_201\jre\lib\ext\localedata.jar;D:\Program Files\Java\jdk1.8.0_201\jre\lib\ext\nashorn.jar;D:\Program Files\Java\jdk1.8.0_201\jre\lib\ext\sunec.jar;D:\Program Files\Java\jdk1.8.0_201\jre\lib\ext\sunjce_provider.jar;D:\Program Files\Java\jdk1.8.0_201\jre\lib\ext\sunmscapi.jar;D:\Program Files\Java\jdk1.8.0_201\jre\lib\ext\sunpkcs11.jar;D:\Program Files\Java\jdk1.8.0_201\jre\lib\ext\zipfs.jar;D:\Program Files\Java\jdk1.8.0_201\jre\lib\javaws.jar;D:\Program Files\Java\jdk1.8.0_201\jre\lib\jce.jar;D:\Program Files\Java\jdk1.8.0_201\jre\lib\jfr.jar;D:\Program Files\Java\jdk1.8.0_201\jre\lib\jfxswt.jar;D:\Program Files\Java\jdk1.8.0_201\jre\lib\jsse.jar;D:\Program Files\Java\jdk1.8.0_201\jre\lib\management-agent.jar;D:\Program Files\Java\jdk1.8.0_201\jre\lib\plugin.jar;D:\Program Files\Java\jdk1.8.0_201\jre\lib\resources.jar;D:\Program Files\Java\jdk1.8.0_201\jre\lib\rt.jar;E:\gitdir\learn_projects\UserBehaviorAnalysis_Flink_wushengran\OrderTimeoutDetect\target\classes;E:\software\apache-maven-3.6.0\repo\org\apache\flink\flink-cep-scala_2.12\1.10.1\flink-cep-scala_2.12-1.10.1.jar;E:\software\apache-maven-3.6.0\repo\org\apache\flink\flink-cep_2.12\1.10.1\flink-cep_2.12-1.10.1.jar;E:\software\apache-maven-3.6.0\repo\org\apache\flink\flink-shaded-guava\18.0-9.0\flink-shaded-guava-18.0-9.0.jar;E:\software\apache-maven-3.6.0\repo\org\apache\flink\force-shading\1.10.1\force-shading-1.10.1.jar;E:\software\apache-maven-3.6.0\repo\org\apache\flink\flink-scala_2.12\1.10.1\flink-scala_2.12-1.10.1.jar;E:\software\apache-ma
Launcher Type: SUN_STANDARD

Environment Variables:
JAVA_HOME=D:\Program Files\Java\jdk1.8.0_201
CLASSPATH=D:\Program Files\Java\jdk1.8.0_201\jre\lib\rt.jar;.;.;E:\software\scala-2.11.8\bin;E:\software\scala-2.11.8\lib\dt.jar;E:\software\scala-2.11.8\lib\tools.jar.;
PATH=C:\Windows\system32;C:\Windows;C:\Windows\System32\Wbem;C:\Windows\System32\WindowsPowerShell\v1.0\;C:\Windows\System32\OpenSSH\;D:\Program Files\Java\jdk1.8.0_201\bin;E:\software\scala-2.11.8\bin;E:\software\hadoop-2.7.4\hadoop-common-2.2.0-bin-master\bin;E:\software\anaconda;E:\software\anaconda\Scripts;C:\Program Files\TortoiseSVN\bin;E:\software\Git\cmd;E:\software\mysql5.5\mysql_server\bin;E:\software\anaconda\Library\bin;C:\Users\PC\AppData\Local\Microsoft\WindowsApps;C:\Users\PC\AppData\Local\GitHubDesktop\bin
USERNAME=PC
OS=Windows_NT
PROCESSOR_IDENTIFIER=Intel64 Family 6 Model 158 Stepping 10, GenuineIntel



---------------  S Y S T E M  ---------------

OS: Windows 10.0 , 64 bit Build 19041 (10.0.19041.292)

CPU:total 12 (initial active 12) (6 cores per cpu, 2 threads per core) family 6 model 158 stepping 10, cmov, cx8, fxsr, mmx, sse, sse2, sse3, ssse3, sse4.1, sse4.2, popcnt, avx, avx2, aes, clmul, erms, rtm, 3dnowpref, lzcnt, ht, tsc, tscinvbit, bmi1, bmi2, adx

Memory: 4k page, physical 16614656k(3856468k free), swap 32241788k(5128k free)

vm_info: Java HotSpot(TM) 64-Bit Server VM (25.201-b09) for windows-amd64 JRE (1.8.0_201-b09), built on Dec 15 2018 18:36:39 by "java_re" with MS VC++ 10.0 (VS2010)

time: Thu Oct 15 19:41:09 2020
timezone: 中国标准时间
elapsed time: 1 seconds (0d 0h 0m 1s)

